{"/Users/martinofunrein/Downloads/the-dictators/frontend/src/App.jsx": {"path":"/Users/martinofunrein/Downloads/the-dictators/frontend/src/App.jsx","statementMap":{"0":{"start":{"line":47,"column":0},"end":{"line":47,"column":null}},"1":{"start":{"line":50,"column":20},"end":{"line":50,"column":50}},"2":{"start":{"line":51,"column":10},"end":{"line":51,"column":35}},"3":{"start":{"line":52,"column":8},"end":{"line":52,"column":32}},"4":{"start":{"line":54,"column":2},"end":{"line":62,"column":null}},"5":{"start":{"line":57,"column":18},"end":{"line":59,"column":11}},"6":{"start":{"line":58,"column":6},"end":{"line":58,"column":null}},"7":{"start":{"line":61,"column":4},"end":{"line":61,"column":null}},"8":{"start":{"line":61,"column":17},"end":{"line":61,"column":36}},"9":{"start":{"line":64,"column":2},"end":{"line":118,"column":null}},"10":{"start":{"line":72,"column":27},"end":{"line":72,"column":47}},"11":{"start":{"line":83,"column":29},"end":{"line":83,"column":50}},"12":{"start":{"line":89,"column":29},"end":{"line":89,"column":51}},"13":{"start":{"line":118,"column":58},"end":{"line":118,"column":80}}},"fnMap":{"0":{"name":"App","decl":{"start":{"line":49,"column":9},"end":{"line":49,"column":15}},"loc":{"start":{"line":49,"column":15},"end":{"line":118,"column":null}},"line":49},"1":{"name":"(anonymous_1)","decl":{"start":{"line":54,"column":2},"end":{"line":54,"column":18}},"loc":{"start":{"line":54,"column":18},"end":{"line":62,"column":7}},"line":54},"2":{"name":"(anonymous_2)","decl":{"start":{"line":57,"column":18},"end":{"line":57,"column":35}},"loc":{"start":{"line":57,"column":35},"end":{"line":59,"column":11}},"line":57},"3":{"name":"(anonymous_3)","decl":{"start":{"line":61,"column":4},"end":{"line":61,"column":17}},"loc":{"start":{"line":61,"column":17},"end":{"line":61,"column":36}},"line":61},"4":{"name":"(anonymous_4)","decl":{"start":{"line":72,"column":12},"end":{"line":72,"column":27}},"loc":{"start":{"line":72,"column":27},"end":{"line":72,"column":47}},"line":72},"5":{"name":"(anonymous_5)","decl":{"start":{"line":83,"column":14},"end":{"line":83,"column":29}},"loc":{"start":{"line":83,"column":29},"end":{"line":83,"column":50}},"line":83},"6":{"name":"(anonymous_6)","decl":{"start":{"line":89,"column":14},"end":{"line":89,"column":29}},"loc":{"start":{"line":89,"column":29},"end":{"line":89,"column":51}},"line":89},"7":{"name":"(anonymous_7)","decl":{"start":{"line":118,"column":43},"end":{"line":118,"column":58}},"loc":{"start":{"line":118,"column":58},"end":{"line":118,"column":80}},"line":118}},"branchMap":{"0":{"loc":{"start":{"line":70,"column":9},"end":{"line":94,"column":null}},"type":"cond-expr","locations":[{"start":{"line":71,"column":10},"end":{"line":81,"column":null}},{"start":{"line":81,"column":10},"end":{"line":94,"column":null}}],"line":70},"1":{"loc":{"start":{"line":117,"column":7},"end":{"line":118,"column":null}},"type":"binary-expr","locations":[{"start":{"line":117,"column":7},"end":{"line":117,"column":null}},{"start":{"line":118,"column":8},"end":{"line":118,"column":null}}],"line":117}},"s":{"0":0,"1":0,"2":0,"3":0,"4":0,"5":0,"6":0,"7":0,"8":0,"9":0,"10":0,"11":0,"12":0,"13":0},"f":{"0":0,"1":0,"2":0,"3":0,"4":0,"5":0,"6":0,"7":0},"b":{"0":[0,0],"1":[0,0]},"meta":{"lastBranch":2,"lastFunction":8,"lastStatement":14,"seen":{"s:47:0:47:Infinity":0,"f:49:9:49:15":0,"s:50:20:50:50":1,"s:51:10:51:35":2,"s:52:8:52:32":3,"s:54:2:62:Infinity":4,"f:54:2:54:18":1,"s:57:18:59:11":5,"f:57:18:57:35":2,"s:58:6:58:Infinity":6,"s:61:4:61:Infinity":7,"f:61:4:61:17":3,"s:61:17:61:36":8,"s:64:2:118:Infinity":9,"b:71:10:81:Infinity:81:10:94:Infinity":0,"f:72:12:72:27":4,"s:72:27:72:47":10,"f:83:14:83:29":5,"s:83:29:83:50":11,"f:89:14:89:29":6,"s:89:29:89:51":12,"b:117:7:117:Infinity:118:8:118:Infinity":1,"f:118:43:118:58":7,"s:118:58:118:80":13}}}
,"/Users/martinofunrein/Downloads/the-dictators/frontend/src/components/AuthModal.jsx": {"path":"/Users/martinofunrein/Downloads/the-dictators/frontend/src/components/AuthModal.jsx","statementMap":{"0":{"start":{"line":22,"column":15},"end":{"line":22,"column":47}},"1":{"start":{"line":23,"column":19},"end":{"line":23,"column":46}},"2":{"start":{"line":24,"column":16},"end":{"line":24,"column":40}},"3":{"start":{"line":25,"column":19},"end":{"line":25,"column":46}},"4":{"start":{"line":26,"column":16},"end":{"line":26,"column":40}},"5":{"start":{"line":27,"column":21},"end":{"line":27,"column":53}},"6":{"start":{"line":28,"column":8},"end":{"line":28,"column":33}},"7":{"start":{"line":29,"column":17},"end":{"line":29,"column":37}},"8":{"start":{"line":31,"column":2},"end":{"line":35,"column":null}},"9":{"start":{"line":32,"column":24},"end":{"line":32,"column":null}},"10":{"start":{"line":32,"column":48},"end":{"line":32,"column":null}},"11":{"start":{"line":33,"column":4},"end":{"line":33,"column":null}},"12":{"start":{"line":34,"column":4},"end":{"line":34,"column":null}},"13":{"start":{"line":34,"column":17},"end":{"line":34,"column":63}},"14":{"start":{"line":38,"column":4},"end":{"line":38,"column":null}},"15":{"start":{"line":38,"column":41},"end":{"line":38,"column":null}},"16":{"start":{"line":42,"column":4},"end":{"line":42,"column":null}},"17":{"start":{"line":43,"column":4},"end":{"line":43,"column":null}},"18":{"start":{"line":44,"column":4},"end":{"line":44,"column":null}},"19":{"start":{"line":44,"column":31},"end":{"line":44,"column":71}},"20":{"start":{"line":44,"column":71},"end":{"line":44,"column":null}},"21":{"start":{"line":45,"column":4},"end":{"line":45,"column":null}},"22":{"start":{"line":45,"column":42},"end":{"line":45,"column":77}},"23":{"start":{"line":45,"column":77},"end":{"line":45,"column":null}},"24":{"start":{"line":47,"column":4},"end":{"line":47,"column":null}},"25":{"start":{"line":50,"column":4},"end":{"line":53,"column":null}},"26":{"start":{"line":51,"column":6},"end":{"line":51,"column":null}},"27":{"start":{"line":53,"column":6},"end":{"line":53,"column":null}},"28":{"start":{"line":56,"column":4},"end":{"line":56,"column":null}},"29":{"start":{"line":58,"column":4},"end":{"line":60,"column":null}},"30":{"start":{"line":59,"column":6},"end":{"line":59,"column":null}},"31":{"start":{"line":60,"column":6},"end":{"line":60,"column":null}},"32":{"start":{"line":63,"column":4},"end":{"line":63,"column":null}},"33":{"start":{"line":67,"column":4},"end":{"line":67,"column":null}},"34":{"start":{"line":68,"column":4},"end":{"line":68,"column":null}},"35":{"start":{"line":69,"column":4},"end":{"line":69,"column":null}},"36":{"start":{"line":70,"column":4},"end":{"line":70,"column":null}},"37":{"start":{"line":71,"column":4},"end":{"line":71,"column":null}},"38":{"start":{"line":74,"column":2},"end":{"line":180,"column":null}},"39":{"start":{"line":107,"column":14},"end":{"line":117,"column":null}},"40":{"start":{"line":109,"column":31},"end":{"line":109,"column":44}},"41":{"start":{"line":130,"column":35},"end":{"line":130,"column":62}},"42":{"start":{"line":145,"column":33},"end":{"line":145,"column":57}},"43":{"start":{"line":159,"column":33},"end":{"line":159,"column":60}}},"fnMap":{"0":{"name":"AuthModal","decl":{"start":{"line":21,"column":24},"end":{"line":21,"column":34}},"loc":{"start":{"line":21,"column":70},"end":{"line":180,"column":null}},"line":21},"1":{"name":"(anonymous_1)","decl":{"start":{"line":31,"column":2},"end":{"line":31,"column":18}},"loc":{"start":{"line":31,"column":18},"end":{"line":35,"column":6}},"line":31},"2":{"name":"onKey","decl":{"start":{"line":32,"column":13},"end":{"line":32,"column":19}},"loc":{"start":{"line":32,"column":22},"end":{"line":32,"column":null}},"line":32},"3":{"name":"(anonymous_3)","decl":{"start":{"line":34,"column":4},"end":{"line":34,"column":17}},"loc":{"start":{"line":34,"column":17},"end":{"line":34,"column":63}},"line":34},"4":{"name":"handleOverlayClick","decl":{"start":{"line":37,"column":11},"end":{"line":37,"column":30}},"loc":{"start":{"line":37,"column":33},"end":{"line":38,"column":null}},"line":37},"5":{"name":"handleSubmit","decl":{"start":{"line":41,"column":17},"end":{"line":41,"column":30}},"loc":{"start":{"line":41,"column":33},"end":{"line":63,"column":null}},"line":41},"6":{"name":"switchMode","decl":{"start":{"line":66,"column":11},"end":{"line":66,"column":22}},"loc":{"start":{"line":66,"column":28},"end":{"line":71,"column":null}},"line":66},"7":{"name":"(anonymous_7)","decl":{"start":{"line":106,"column":33},"end":{"line":106,"column":38}},"loc":{"start":{"line":107,"column":14},"end":{"line":117,"column":null}},"line":107},"8":{"name":"(anonymous_8)","decl":{"start":{"line":109,"column":16},"end":{"line":109,"column":31}},"loc":{"start":{"line":109,"column":31},"end":{"line":109,"column":44}},"line":109},"9":{"name":"(anonymous_9)","decl":{"start":{"line":130,"column":18},"end":{"line":130,"column":29}},"loc":{"start":{"line":130,"column":35},"end":{"line":130,"column":62}},"line":130},"10":{"name":"(anonymous_10)","decl":{"start":{"line":145,"column":16},"end":{"line":145,"column":27}},"loc":{"start":{"line":145,"column":33},"end":{"line":145,"column":57}},"line":145},"11":{"name":"(anonymous_11)","decl":{"start":{"line":159,"column":16},"end":{"line":159,"column":27}},"loc":{"start":{"line":159,"column":33},"end":{"line":159,"column":60}},"line":159}},"branchMap":{"0":{"loc":{"start":{"line":21,"column":36},"end":{"line":21,"column":59}},"type":"default-arg","locations":[{"start":{"line":21,"column":50},"end":{"line":21,"column":59}}],"line":21},"1":{"loc":{"start":{"line":32,"column":24},"end":{"line":32,"column":null}},"type":"if","locations":[{"start":{"line":32,"column":24},"end":{"line":32,"column":null}},{"start":{},"end":{}}],"line":32},"2":{"loc":{"start":{"line":38,"column":4},"end":{"line":38,"column":null}},"type":"if","locations":[{"start":{"line":38,"column":4},"end":{"line":38,"column":null}},{"start":{},"end":{}}],"line":38},"3":{"loc":{"start":{"line":44,"column":4},"end":{"line":44,"column":null}},"type":"if","locations":[{"start":{"line":44,"column":4},"end":{"line":44,"column":null}},{"start":{},"end":{}}],"line":44},"4":{"loc":{"start":{"line":44,"column":8},"end":{"line":44,"column":29}},"type":"binary-expr","locations":[{"start":{"line":44,"column":8},"end":{"line":44,"column":18}},{"start":{"line":44,"column":18},"end":{"line":44,"column":29}}],"line":44},"5":{"loc":{"start":{"line":45,"column":4},"end":{"line":45,"column":null}},"type":"if","locations":[{"start":{"line":45,"column":4},"end":{"line":45,"column":null}},{"start":{},"end":{}}],"line":45},"6":{"loc":{"start":{"line":45,"column":8},"end":{"line":45,"column":40}},"type":"binary-expr","locations":[{"start":{"line":45,"column":8},"end":{"line":45,"column":29}},{"start":{"line":45,"column":29},"end":{"line":45,"column":40}}],"line":45},"7":{"loc":{"start":{"line":50,"column":4},"end":{"line":53,"column":null}},"type":"if","locations":[{"start":{"line":50,"column":4},"end":{"line":53,"column":null}},{"start":{"line":52,"column":11},"end":{"line":53,"column":null}}],"line":50},"8":{"loc":{"start":{"line":58,"column":4},"end":{"line":60,"column":null}},"type":"if","locations":[{"start":{"line":58,"column":4},"end":{"line":60,"column":null}},{"start":{},"end":{}}],"line":58},"9":{"loc":{"start":{"line":59,"column":15},"end":{"line":59,"column":81}},"type":"binary-expr","locations":[{"start":{"line":59,"column":15},"end":{"line":59,"column":39}},{"start":{"line":59,"column":39},"end":{"line":59,"column":81}}],"line":59},"10":{"loc":{"start":{"line":111,"column":18},"end":{"line":113,"column":null}},"type":"cond-expr","locations":[{"start":{"line":112,"column":22},"end":{"line":112,"column":null}},{"start":{"line":113,"column":22},"end":{"line":113,"column":null}}],"line":111},"11":{"loc":{"start":{"line":116,"column":17},"end":{"line":116,"column":null}},"type":"cond-expr","locations":[{"start":{"line":116,"column":33},"end":{"line":116,"column":44}},{"start":{"line":116,"column":44},"end":{"line":116,"column":null}}],"line":116},"12":{"loc":{"start":{"line":122,"column":13},"end":{"line":135,"column":null}},"type":"binary-expr","locations":[{"start":{"line":122,"column":13},"end":{"line":122,"column":null}},{"start":{"line":123,"column":14},"end":{"line":135,"column":null}}],"line":122},"13":{"loc":{"start":{"line":161,"column":30},"end":{"line":161,"column":null}},"type":"cond-expr","locations":[{"start":{"line":161,"column":49},"end":{"line":161,"column":70}},{"start":{"line":161,"column":70},"end":{"line":161,"column":null}}],"line":161},"14":{"loc":{"start":{"line":166,"column":13},"end":{"line":167,"column":null}},"type":"binary-expr","locations":[{"start":{"line":166,"column":13},"end":{"line":166,"column":null}},{"start":{"line":167,"column":14},"end":{"line":167,"column":null}}],"line":166},"15":{"loc":{"start":{"line":175,"column":15},"end":{"line":175,"column":null}},"type":"cond-expr","locations":[{"start":{"line":175,"column":28},"end":{"line":175,"column":43}},{"start":{"line":175,"column":43},"end":{"line":175,"column":null}}],"line":175},"16":{"loc":{"start":{"line":175,"column":43},"end":{"line":175,"column":null}},"type":"cond-expr","locations":[{"start":{"line":175,"column":62},"end":{"line":175,"column":73}},{"start":{"line":175,"column":73},"end":{"line":175,"column":null}}],"line":175}},"s":{"0":0,"1":0,"2":0,"3":0,"4":0,"5":0,"6":0,"7":0,"8":0,"9":0,"10":0,"11":0,"12":0,"13":0,"14":0,"15":0,"16":0,"17":0,"18":0,"19":0,"20":0,"21":0,"22":0,"23":0,"24":0,"25":0,"26":0,"27":0,"28":0,"29":0,"30":0,"31":0,"32":0,"33":0,"34":0,"35":0,"36":0,"37":0,"38":0,"39":0,"40":0,"41":0,"42":0,"43":0},"f":{"0":0,"1":0,"2":0,"3":0,"4":0,"5":0,"6":0,"7":0,"8":0,"9":0,"10":0,"11":0},"b":{"0":[0],"1":[0,0],"2":[0,0],"3":[0,0],"4":[0,0],"5":[0,0],"6":[0,0],"7":[0,0],"8":[0,0],"9":[0,0],"10":[0,0],"11":[0,0],"12":[0,0],"13":[0,0],"14":[0,0],"15":[0,0],"16":[0,0]},"meta":{"lastBranch":17,"lastFunction":12,"lastStatement":44,"seen":{"f:21:24:21:34":0,"b:21:50:21:59":0,"s:22:15:22:47":0,"s:23:19:23:46":1,"s:24:16:24:40":2,"s:25:19:25:46":3,"s:26:16:26:40":4,"s:27:21:27:53":5,"s:28:8:28:33":6,"s:29:17:29:37":7,"s:31:2:35:Infinity":8,"f:31:2:31:18":1,"f:32:13:32:19":2,"b:32:24:32:Infinity:undefined:undefined:undefined:undefined":1,"s:32:24:32:Infinity":9,"s:32:48:32:Infinity":10,"s:33:4:33:Infinity":11,"s:34:4:34:Infinity":12,"f:34:4:34:17":3,"s:34:17:34:63":13,"f:37:11:37:30":4,"b:38:4:38:Infinity:undefined:undefined:undefined:undefined":2,"s:38:4:38:Infinity":14,"s:38:41:38:Infinity":15,"f:41:17:41:30":5,"s:42:4:42:Infinity":16,"s:43:4:43:Infinity":17,"b:44:4:44:Infinity:undefined:undefined:undefined:undefined":3,"s:44:4:44:Infinity":18,"b:44:8:44:18:44:18:44:29":4,"s:44:31:44:71":19,"s:44:71:44:Infinity":20,"b:45:4:45:Infinity:undefined:undefined:undefined:undefined":5,"s:45:4:45:Infinity":21,"b:45:8:45:29:45:29:45:40":6,"s:45:42:45:77":22,"s:45:77:45:Infinity":23,"s:47:4:47:Infinity":24,"b:50:4:53:Infinity:52:11:53:Infinity":7,"s:50:4:53:Infinity":25,"s:51:6:51:Infinity":26,"s:53:6:53:Infinity":27,"s:56:4:56:Infinity":28,"b:58:4:60:Infinity:undefined:undefined:undefined:undefined":8,"s:58:4:60:Infinity":29,"s:59:6:59:Infinity":30,"b:59:15:59:39:59:39:59:81":9,"s:60:6:60:Infinity":31,"s:63:4:63:Infinity":32,"f:66:11:66:22":6,"s:67:4:67:Infinity":33,"s:68:4:68:Infinity":34,"s:69:4:69:Infinity":35,"s:70:4:70:Infinity":36,"s:71:4:71:Infinity":37,"s:74:2:180:Infinity":38,"f:106:33:106:38":7,"s:107:14:117:Infinity":39,"f:109:16:109:31":8,"s:109:31:109:44":40,"b:112:22:112:Infinity:113:22:113:Infinity":10,"b:116:33:116:44:116:44:116:Infinity":11,"b:122:13:122:Infinity:123:14:135:Infinity":12,"f:130:18:130:29":9,"s:130:35:130:62":41,"f:145:16:145:27":10,"s:145:33:145:57":42,"f:159:16:159:27":11,"s:159:33:159:60":43,"b:161:49:161:70:161:70:161:Infinity":13,"b:166:13:166:Infinity:167:14:167:Infinity":14,"b:175:28:175:43:175:43:175:Infinity":15,"b:175:62:175:73:175:73:175:Infinity":16}}}
,"/Users/martinofunrein/Downloads/the-dictators/frontend/src/components/CTA.jsx": {"path":"/Users/martinofunrein/Downloads/the-dictators/frontend/src/components/CTA.jsx","statementMap":{"0":{"start":{"line":9,"column":6},"end":{"line":41,"column":null}},"1":{"start":{"line":10,"column":10},"end":{"line":10,"column":34}},"2":{"start":{"line":11,"column":4},"end":{"line":41,"column":null}},"3":{"start":{"line":30,"column":39},"end":{"line":30,"column":61}}},"fnMap":{"0":{"name":"(anonymous_0)","decl":{"start":{"line":9,"column":6},"end":{"line":9,"column":18}},"loc":{"start":{"line":9,"column":18},"end":{"line":41,"column":null}},"line":9},"1":{"name":"(anonymous_1)","decl":{"start":{"line":30,"column":24},"end":{"line":30,"column":39}},"loc":{"start":{"line":30,"column":39},"end":{"line":30,"column":61}},"line":30}},"branchMap":{},"s":{"0":0,"1":0,"2":0,"3":0},"f":{"0":0,"1":0},"b":{},"meta":{"lastBranch":0,"lastFunction":2,"lastStatement":4,"seen":{"s:9:6:41:Infinity":0,"f:9:6:9:18":0,"s:10:10:10:34":1,"s:11:4:41:Infinity":2,"f:30:24:30:39":1,"s:30:39:30:61":3}}}
,"/Users/martinofunrein/Downloads/the-dictators/frontend/src/components/ErrorBoundary.jsx": {"path":"/Users/martinofunrein/Downloads/the-dictators/frontend/src/components/ErrorBoundary.jsx","statementMap":{"0":{"start":{"line":5,"column":4},"end":{"line":5,"column":null}},"1":{"start":{"line":6,"column":4},"end":{"line":6,"column":null}},"2":{"start":{"line":10,"column":4},"end":{"line":10,"column":null}},"3":{"start":{"line":14,"column":4},"end":{"line":14,"column":null}},"4":{"start":{"line":18,"column":4},"end":{"line":35,"column":null}},"5":{"start":{"line":19,"column":6},"end":{"line":35,"column":null}},"6":{"start":{"line":29,"column":29},"end":{"line":29,"column":76}},"7":{"start":{"line":38,"column":4},"end":{"line":38,"column":null}}},"fnMap":{"0":{"name":"(anonymous_0)","decl":{"start":{"line":4,"column":2},"end":{"line":4,"column":14}},"loc":{"start":{"line":4,"column":21},"end":{"line":6,"column":null}},"line":4},"1":{"name":"(anonymous_1)","decl":{"start":{"line":9,"column":9},"end":{"line":9,"column":34}},"loc":{"start":{"line":9,"column":41},"end":{"line":10,"column":null}},"line":9},"2":{"name":"(anonymous_2)","decl":{"start":{"line":13,"column":2},"end":{"line":13,"column":20}},"loc":{"start":{"line":13,"column":33},"end":{"line":14,"column":null}},"line":13},"3":{"name":"(anonymous_3)","decl":{"start":{"line":17,"column":2},"end":{"line":17,"column":11}},"loc":{"start":{"line":17,"column":11},"end":{"line":38,"column":null}},"line":17},"4":{"name":"(anonymous_4)","decl":{"start":{"line":29,"column":14},"end":{"line":29,"column":29}},"loc":{"start":{"line":29,"column":29},"end":{"line":29,"column":76}},"line":29}},"branchMap":{"0":{"loc":{"start":{"line":18,"column":4},"end":{"line":35,"column":null}},"type":"if","locations":[{"start":{"line":18,"column":4},"end":{"line":35,"column":null}},{"start":{},"end":{}}],"line":18}},"s":{"0":10,"1":10,"2":8,"3":4,"4":19,"5":8,"6":1,"7":11},"f":{"0":10,"1":1,"2":4,"3":19,"4":1},"b":{"0":[8,11]},"meta":{"lastBranch":1,"lastFunction":5,"lastStatement":8,"seen":{"f:4:2:4:14":0,"s:5:4:5:Infinity":0,"s:6:4:6:Infinity":1,"f:9:9:9:34":1,"s:10:4:10:Infinity":2,"f:13:2:13:20":2,"s:14:4:14:Infinity":3,"f:17:2:17:11":3,"b:18:4:35:Infinity:undefined:undefined:undefined:undefined":0,"s:18:4:35:Infinity":4,"s:19:6:35:Infinity":5,"f:29:14:29:29":4,"s:29:29:29:76":6,"s:38:4:38:Infinity":7}}}
,"/Users/martinofunrein/Downloads/the-dictators/frontend/src/components/Features.jsx": {"path":"/Users/martinofunrein/Downloads/the-dictators/frontend/src/components/Features.jsx","statementMap":{"0":{"start":{"line":13,"column":6},"end":{"line":236,"column":null}},"1":{"start":{"line":14,"column":10},"end":{"line":14,"column":37}},"2":{"start":{"line":15,"column":24},"end":{"line":15,"column":53}},"3":{"start":{"line":16,"column":22},"end":{"line":16,"column":50}},"4":{"start":{"line":17,"column":22},"end":{"line":17,"column":49}},"5":{"start":{"line":19,"column":23},"end":{"line":23,"column":null}},"6":{"start":{"line":26,"column":4},"end":{"line":45,"column":null}},"7":{"start":{"line":27,"column":20},"end":{"line":43,"column":24}},"8":{"start":{"line":28,"column":12},"end":{"line":42,"column":null}},"9":{"start":{"line":44,"column":8},"end":{"line":44,"column":null}},"10":{"start":{"line":44,"column":21},"end":{"line":44,"column":33}},"11":{"start":{"line":48,"column":4},"end":{"line":53,"column":null}},"12":{"start":{"line":49,"column":25},"end":{"line":51,"column":16}},"13":{"start":{"line":50,"column":12},"end":{"line":50,"column":null}},"14":{"start":{"line":50,"column":35},"end":{"line":50,"column":44}},"15":{"start":{"line":52,"column":8},"end":{"line":52,"column":null}},"16":{"start":{"line":52,"column":21},"end":{"line":52,"column":44}},"17":{"start":{"line":56,"column":4},"end":{"line":77,"column":null}},"18":{"start":{"line":57,"column":26},"end":{"line":57,"column":null}},"19":{"start":{"line":58,"column":28},"end":{"line":58,"column":null}},"20":{"start":{"line":59,"column":24},"end":{"line":59,"column":null}},"21":{"start":{"line":62,"column":31},"end":{"line":74,"column":14}},"22":{"start":{"line":63,"column":12},"end":{"line":72,"column":null}},"23":{"start":{"line":64,"column":16},"end":{"line":64,"column":null}},"24":{"start":{"line":65,"column":16},"end":{"line":65,"column":null}},"25":{"start":{"line":66,"column":16},"end":{"line":66,"column":null}},"26":{"start":{"line":68,"column":16},"end":{"line":68,"column":null}},"27":{"start":{"line":70,"column":16},"end":{"line":72,"column":null}},"28":{"start":{"line":71,"column":20},"end":{"line":71,"column":null}},"29":{"start":{"line":71,"column":34},"end":{"line":71,"column":74}},"30":{"start":{"line":76,"column":8},"end":{"line":76,"column":null}},"31":{"start":{"line":76,"column":21},"end":{"line":76,"column":50}},"32":{"start":{"line":80,"column":10},"end":{"line":80,"column":37}},"33":{"start":{"line":81,"column":4},"end":{"line":112,"column":null}},"34":{"start":{"line":82,"column":20},"end":{"line":110,"column":24}},"35":{"start":{"line":83,"column":23},"end":{"line":83,"column":52}},"36":{"start":{"line":86,"column":12},"end":{"line":87,"column":null}},"37":{"start":{"line":90,"column":12},"end":{"line":91,"column":null}},"38":{"start":{"line":94,"column":12},"end":{"line":95,"column":null}},"39":{"start":{"line":98,"column":12},"end":{"line":98,"column":null}},"40":{"start":{"line":101,"column":12},"end":{"line":102,"column":null}},"41":{"start":{"line":105,"column":12},"end":{"line":105,"column":null}},"42":{"start":{"line":108,"column":12},"end":{"line":108,"column":null}},"43":{"start":{"line":111,"column":8},"end":{"line":111,"column":null}},"44":{"start":{"line":111,"column":21},"end":{"line":111,"column":33}},"45":{"start":{"line":114,"column":4},"end":{"line":236,"column":null}},"46":{"start":{"line":199,"column":36},"end":{"line":204,"column":null}}},"fnMap":{"0":{"name":"(anonymous_0)","decl":{"start":{"line":13,"column":6},"end":{"line":13,"column":23}},"loc":{"start":{"line":13,"column":23},"end":{"line":236,"column":null}},"line":13},"1":{"name":"(anonymous_1)","decl":{"start":{"line":26,"column":4},"end":{"line":26,"column":20}},"loc":{"start":{"line":26,"column":20},"end":{"line":45,"column":9}},"line":26},"2":{"name":"(anonymous_2)","decl":{"start":{"line":27,"column":25},"end":{"line":27,"column":39}},"loc":{"start":{"line":27,"column":39},"end":{"line":43,"column":24}},"line":27},"3":{"name":"(anonymous_3)","decl":{"start":{"line":44,"column":8},"end":{"line":44,"column":21}},"loc":{"start":{"line":44,"column":21},"end":{"line":44,"column":33}},"line":44},"4":{"name":"(anonymous_4)","decl":{"start":{"line":48,"column":4},"end":{"line":48,"column":20}},"loc":{"start":{"line":48,"column":20},"end":{"line":53,"column":9}},"line":48},"5":{"name":"(anonymous_5)","decl":{"start":{"line":49,"column":25},"end":{"line":49,"column":43}},"loc":{"start":{"line":49,"column":43},"end":{"line":51,"column":16}},"line":49},"6":{"name":"(anonymous_6)","decl":{"start":{"line":50,"column":12},"end":{"line":50,"column":27}},"loc":{"start":{"line":50,"column":35},"end":{"line":50,"column":44}},"line":50},"7":{"name":"(anonymous_7)","decl":{"start":{"line":52,"column":8},"end":{"line":52,"column":21}},"loc":{"start":{"line":52,"column":21},"end":{"line":52,"column":44}},"line":52},"8":{"name":"(anonymous_8)","decl":{"start":{"line":56,"column":4},"end":{"line":56,"column":20}},"loc":{"start":{"line":56,"column":20},"end":{"line":77,"column":8}},"line":56},"9":{"name":"(anonymous_9)","decl":{"start":{"line":62,"column":31},"end":{"line":62,"column":49}},"loc":{"start":{"line":62,"column":49},"end":{"line":74,"column":14}},"line":62},"10":{"name":"(anonymous_10)","decl":{"start":{"line":70,"column":16},"end":{"line":70,"column":33}},"loc":{"start":{"line":70,"column":33},"end":{"line":72,"column":24}},"line":70},"11":{"name":"(anonymous_11)","decl":{"start":{"line":71,"column":20},"end":{"line":71,"column":34}},"loc":{"start":{"line":71,"column":34},"end":{"line":71,"column":74}},"line":71},"12":{"name":"(anonymous_12)","decl":{"start":{"line":76,"column":8},"end":{"line":76,"column":21}},"loc":{"start":{"line":76,"column":21},"end":{"line":76,"column":50}},"line":76},"13":{"name":"(anonymous_13)","decl":{"start":{"line":81,"column":4},"end":{"line":81,"column":20}},"loc":{"start":{"line":81,"column":20},"end":{"line":112,"column":9}},"line":81},"14":{"name":"(anonymous_14)","decl":{"start":{"line":82,"column":25},"end":{"line":82,"column":39}},"loc":{"start":{"line":82,"column":39},"end":{"line":110,"column":24}},"line":82},"15":{"name":"(anonymous_15)","decl":{"start":{"line":111,"column":8},"end":{"line":111,"column":21}},"loc":{"start":{"line":111,"column":21},"end":{"line":111,"column":33}},"line":111},"16":{"name":"(anonymous_16)","decl":{"start":{"line":198,"column":69},"end":{"line":198,"column":74}},"loc":{"start":{"line":199,"column":36},"end":{"line":204,"column":null}},"line":199}},"branchMap":{"0":{"loc":{"start":{"line":63,"column":12},"end":{"line":72,"column":null}},"type":"if","locations":[{"start":{"line":63,"column":12},"end":{"line":72,"column":null}},{"start":{"line":67,"column":19},"end":{"line":72,"column":null}}],"line":63},"1":{"loc":{"start":{"line":202,"column":24},"end":{"line":202,"column":null}},"type":"cond-expr","locations":[{"start":{"line":202,"column":34},"end":{"line":202,"column":52}},{"start":{"line":202,"column":52},"end":{"line":202,"column":null}}],"line":202},"2":{"loc":{"start":{"line":202,"column":52},"end":{"line":202,"column":null}},"type":"cond-expr","locations":[{"start":{"line":202,"column":60},"end":{"line":202,"column":86}},{"start":{"line":202,"column":86},"end":{"line":202,"column":null}}],"line":202}},"s":{"0":0,"1":0,"2":0,"3":0,"4":0,"5":0,"6":0,"7":0,"8":0,"9":0,"10":0,"11":0,"12":0,"13":0,"14":0,"15":0,"16":0,"17":0,"18":0,"19":0,"20":0,"21":0,"22":0,"23":0,"24":0,"25":0,"26":0,"27":0,"28":0,"29":0,"30":0,"31":0,"32":0,"33":0,"34":0,"35":0,"36":0,"37":0,"38":0,"39":0,"40":0,"41":0,"42":0,"43":0,"44":0,"45":0,"46":0},"f":{"0":0,"1":0,"2":0,"3":0,"4":0,"5":0,"6":0,"7":0,"8":0,"9":0,"10":0,"11":0,"12":0,"13":0,"14":0,"15":0,"16":0},"b":{"0":[0,0],"1":[0,0],"2":[0,0]},"meta":{"lastBranch":3,"lastFunction":17,"lastStatement":47,"seen":{"s:13:6:236:Infinity":0,"f:13:6:13:23":0,"s:14:10:14:37":1,"s:15:24:15:53":2,"s:16:22:16:50":3,"s:17:22:17:49":4,"s:19:23:23:Infinity":5,"s:26:4:45:Infinity":6,"f:26:4:26:20":1,"s:27:20:43:24":7,"f:27:25:27:39":2,"s:28:12:42:Infinity":8,"s:44:8:44:Infinity":9,"f:44:8:44:21":3,"s:44:21:44:33":10,"s:48:4:53:Infinity":11,"f:48:4:48:20":4,"s:49:25:51:16":12,"f:49:25:49:43":5,"s:50:12:50:Infinity":13,"f:50:12:50:27":6,"s:50:35:50:44":14,"s:52:8:52:Infinity":15,"f:52:8:52:21":7,"s:52:21:52:44":16,"s:56:4:77:Infinity":17,"f:56:4:56:20":8,"s:57:26:57:Infinity":18,"s:58:28:58:Infinity":19,"s:59:24:59:Infinity":20,"s:62:31:74:14":21,"f:62:31:62:49":9,"b:63:12:72:Infinity:67:19:72:Infinity":0,"s:63:12:72:Infinity":22,"s:64:16:64:Infinity":23,"s:65:16:65:Infinity":24,"s:66:16:66:Infinity":25,"s:68:16:68:Infinity":26,"s:70:16:72:Infinity":27,"f:70:16:70:33":10,"s:71:20:71:Infinity":28,"f:71:20:71:34":11,"s:71:34:71:74":29,"s:76:8:76:Infinity":30,"f:76:8:76:21":12,"s:76:21:76:50":31,"s:80:10:80:37":32,"s:81:4:112:Infinity":33,"f:81:4:81:20":13,"s:82:20:110:24":34,"f:82:25:82:39":14,"s:83:23:83:52":35,"s:86:12:87:Infinity":36,"s:90:12:91:Infinity":37,"s:94:12:95:Infinity":38,"s:98:12:98:Infinity":39,"s:101:12:102:Infinity":40,"s:105:12:105:Infinity":41,"s:108:12:108:Infinity":42,"s:111:8:111:Infinity":43,"f:111:8:111:21":15,"s:111:21:111:33":44,"s:114:4:236:Infinity":45,"f:198:69:198:74":16,"s:199:36:204:Infinity":46,"b:202:34:202:52:202:52:202:Infinity":1,"b:202:60:202:86:202:86:202:Infinity":2}}}
,"/Users/martinofunrein/Downloads/the-dictators/frontend/src/components/Footer.jsx": {"path":"/Users/martinofunrein/Downloads/the-dictators/frontend/src/components/Footer.jsx","statementMap":{"0":{"start":{"line":8,"column":6},"end":{"line":77,"column":null}},"1":{"start":{"line":9,"column":4},"end":{"line":77,"column":null}},"2":{"start":{"line":38,"column":28},"end":{"line":40,"column":null}},"3":{"start":{"line":48,"column":28},"end":{"line":50,"column":null}},"4":{"start":{"line":58,"column":28},"end":{"line":60,"column":null}}},"fnMap":{"0":{"name":"(anonymous_0)","decl":{"start":{"line":8,"column":6},"end":{"line":8,"column":21}},"loc":{"start":{"line":8,"column":21},"end":{"line":77,"column":null}},"line":8},"1":{"name":"(anonymous_1)","decl":{"start":{"line":37,"column":58},"end":{"line":37,"column":62}},"loc":{"start":{"line":38,"column":28},"end":{"line":40,"column":null}},"line":38},"2":{"name":"(anonymous_2)","decl":{"start":{"line":47,"column":64},"end":{"line":47,"column":68}},"loc":{"start":{"line":48,"column":28},"end":{"line":50,"column":null}},"line":48},"3":{"name":"(anonymous_3)","decl":{"start":{"line":57,"column":57},"end":{"line":57,"column":61}},"loc":{"start":{"line":58,"column":28},"end":{"line":60,"column":null}},"line":58}},"branchMap":{},"s":{"0":0,"1":0,"2":0,"3":0,"4":0},"f":{"0":0,"1":0,"2":0,"3":0},"b":{},"meta":{"lastBranch":0,"lastFunction":4,"lastStatement":5,"seen":{"s:8:6:77:Infinity":0,"f:8:6:8:21":0,"s:9:4:77:Infinity":1,"f:37:58:37:62":1,"s:38:28:40:Infinity":2,"f:47:64:47:68":2,"s:48:28:50:Infinity":3,"f:57:57:57:61":3,"s:58:28:60:Infinity":4}}}
,"/Users/martinofunrein/Downloads/the-dictators/frontend/src/components/Hero.jsx": {"path":"/Users/martinofunrein/Downloads/the-dictators/frontend/src/components/Hero.jsx","statementMap":{"0":{"start":{"line":15,"column":6},"end":{"line":133,"column":null}},"1":{"start":{"line":16,"column":10},"end":{"line":16,"column":37}},"2":{"start":{"line":17,"column":10},"end":{"line":17,"column":34}},"3":{"start":{"line":19,"column":4},"end":{"line":49,"column":null}},"4":{"start":{"line":20,"column":20},"end":{"line":46,"column":24}},"5":{"start":{"line":22,"column":12},"end":{"line":32,"column":null}},"6":{"start":{"line":35,"column":12},"end":{"line":45,"column":null}},"7":{"start":{"line":48,"column":8},"end":{"line":48,"column":null}},"8":{"start":{"line":48,"column":21},"end":{"line":48,"column":33}},"9":{"start":{"line":51,"column":4},"end":{"line":133,"column":null}},"10":{"start":{"line":63,"column":20},"end":{"line":73,"column":null}},"11":{"start":{"line":72,"column":53},"end":{"line":72,"column":78}},"12":{"start":{"line":101,"column":39},"end":{"line":101,"column":61}}},"fnMap":{"0":{"name":"(anonymous_0)","decl":{"start":{"line":15,"column":6},"end":{"line":15,"column":19}},"loc":{"start":{"line":15,"column":19},"end":{"line":133,"column":null}},"line":15},"1":{"name":"(anonymous_1)","decl":{"start":{"line":19,"column":4},"end":{"line":19,"column":20}},"loc":{"start":{"line":19,"column":20},"end":{"line":49,"column":9}},"line":19},"2":{"name":"(anonymous_2)","decl":{"start":{"line":20,"column":25},"end":{"line":20,"column":39}},"loc":{"start":{"line":20,"column":39},"end":{"line":46,"column":24}},"line":20},"3":{"name":"(anonymous_3)","decl":{"start":{"line":48,"column":8},"end":{"line":48,"column":21}},"loc":{"start":{"line":48,"column":21},"end":{"line":48,"column":33}},"line":48},"4":{"name":"(anonymous_4)","decl":{"start":{"line":62,"column":32},"end":{"line":62,"column":37}},"loc":{"start":{"line":63,"column":20},"end":{"line":73,"column":null}},"line":63},"5":{"name":"(anonymous_5)","decl":{"start":{"line":72,"column":43},"end":{"line":72,"column":53}},"loc":{"start":{"line":72,"column":53},"end":{"line":72,"column":78}},"line":72},"6":{"name":"(anonymous_6)","decl":{"start":{"line":101,"column":24},"end":{"line":101,"column":39}},"loc":{"start":{"line":101,"column":39},"end":{"line":101,"column":61}},"line":101}},"branchMap":{},"s":{"0":0,"1":0,"2":0,"3":0,"4":0,"5":0,"6":0,"7":0,"8":0,"9":0,"10":0,"11":0,"12":0},"f":{"0":0,"1":0,"2":0,"3":0,"4":0,"5":0,"6":0},"b":{},"meta":{"lastBranch":0,"lastFunction":7,"lastStatement":13,"seen":{"s:15:6:133:Infinity":0,"f:15:6:15:19":0,"s:16:10:16:37":1,"s:17:10:17:34":2,"s:19:4:49:Infinity":3,"f:19:4:19:20":1,"s:20:20:46:24":4,"f:20:25:20:39":2,"s:22:12:32:Infinity":5,"s:35:12:45:Infinity":6,"s:48:8:48:Infinity":7,"f:48:8:48:21":3,"s:48:21:48:33":8,"s:51:4:133:Infinity":9,"f:62:32:62:37":4,"s:63:20:73:Infinity":10,"f:72:43:72:53":5,"s:72:53:72:78":11,"f:101:24:101:39":6,"s:101:39:101:61":12}}}
,"/Users/martinofunrein/Downloads/the-dictators/frontend/src/components/Navbar.jsx": {"path":"/Users/martinofunrein/Downloads/the-dictators/frontend/src/components/Navbar.jsx","statementMap":{"0":{"start":{"line":28,"column":6},"end":{"line":201,"column":null}},"1":{"start":{"line":29,"column":23},"end":{"line":29,"column":55}},"2":{"start":{"line":30,"column":27},"end":{"line":30,"column":63}},"3":{"start":{"line":31,"column":22},"end":{"line":31,"column":52}},"4":{"start":{"line":32,"column":10},"end":{"line":32,"column":31}},"5":{"start":{"line":33,"column":10},"end":{"line":33,"column":34}},"6":{"start":{"line":34,"column":12},"end":{"line":34,"column":37}},"7":{"start":{"line":36,"column":4},"end":{"line":50,"column":null}},"8":{"start":{"line":37,"column":25},"end":{"line":41,"column":null}},"9":{"start":{"line":39,"column":16},"end":{"line":39,"column":null}},"10":{"start":{"line":44,"column":21},"end":{"line":44,"column":52}},"11":{"start":{"line":45,"column":8},"end":{"line":45,"column":null}},"12":{"start":{"line":45,"column":18},"end":{"line":45,"column":null}},"13":{"start":{"line":47,"column":8},"end":{"line":48,"column":null}},"14":{"start":{"line":48,"column":12},"end":{"line":48,"column":null}},"15":{"start":{"line":48,"column":22},"end":{"line":48,"column":null}},"16":{"start":{"line":52,"column":21},"end":{"line":57,"column":null}},"17":{"start":{"line":59,"column":4},"end":{"line":201,"column":null}},"18":{"start":{"line":87,"column":28},"end":{"line":108,"column":null}},"19":{"start":{"line":90,"column":51},"end":{"line":90,"column":70}},"20":{"start":{"line":116,"column":43},"end":{"line":116,"column":65}},"21":{"start":{"line":123,"column":43},"end":{"line":123,"column":77}},"22":{"start":{"line":138,"column":20},"end":{"line":156,"column":null}},"23":{"start":{"line":141,"column":45},"end":{"line":141,"column":71}},"24":{"start":{"line":141,"column":71},"end":{"line":141,"column":null}},"25":{"start":{"line":151,"column":43},"end":{"line":151,"column":67}},"26":{"start":{"line":163,"column":41},"end":{"line":163,"column":67}},"27":{"start":{"line":163,"column":67},"end":{"line":163,"column":null}},"28":{"start":{"line":175,"column":45},"end":{"line":175,"column":71}},"29":{"start":{"line":175,"column":71},"end":{"line":175,"column":null}},"30":{"start":{"line":181,"column":45},"end":{"line":181,"column":71}},"31":{"start":{"line":181,"column":71},"end":{"line":181,"column":null}},"32":{"start":{"line":190,"column":37},"end":{"line":190,"column":63}},"33":{"start":{"line":190,"column":63},"end":{"line":190,"column":null}},"34":{"start":{"line":199,"column":66},"end":{"line":199,"column":88}}},"fnMap":{"0":{"name":"(anonymous_0)","decl":{"start":{"line":28,"column":6},"end":{"line":28,"column":21}},"loc":{"start":{"line":28,"column":21},"end":{"line":201,"column":null}},"line":28},"1":{"name":"(anonymous_1)","decl":{"start":{"line":36,"column":4},"end":{"line":36,"column":20}},"loc":{"start":{"line":36,"column":20},"end":{"line":50,"column":9}},"line":36},"2":{"name":"(anonymous_2)","decl":{"start":{"line":37,"column":29},"end":{"line":37,"column":null}},"loc":{"start":{"line":38,"column":25},"end":{"line":41,"column":14}},"line":38},"3":{"name":"(anonymous_3)","decl":{"start":{"line":47,"column":8},"end":{"line":47,"column":21}},"loc":{"start":{"line":47,"column":21},"end":{"line":48,"column":null}},"line":47},"4":{"name":"(anonymous_4)","decl":{"start":{"line":86,"column":34},"end":{"line":86,"column":39}},"loc":{"start":{"line":87,"column":28},"end":{"line":108,"column":null}},"line":87},"5":{"name":"(anonymous_5)","decl":{"start":{"line":90,"column":36},"end":{"line":90,"column":51}},"loc":{"start":{"line":90,"column":51},"end":{"line":90,"column":70}},"line":90},"6":{"name":"(anonymous_6)","decl":{"start":{"line":116,"column":28},"end":{"line":116,"column":43}},"loc":{"start":{"line":116,"column":43},"end":{"line":116,"column":65}},"line":116},"7":{"name":"(anonymous_7)","decl":{"start":{"line":123,"column":28},"end":{"line":123,"column":43}},"loc":{"start":{"line":123,"column":43},"end":{"line":123,"column":77}},"line":123},"8":{"name":"(anonymous_8)","decl":{"start":{"line":137,"column":26},"end":{"line":137,"column":31}},"loc":{"start":{"line":138,"column":20},"end":{"line":156,"column":null}},"line":138},"9":{"name":"(anonymous_9)","decl":{"start":{"line":141,"column":28},"end":{"line":141,"column":43}},"loc":{"start":{"line":141,"column":43},"end":{"line":141,"column":null}},"line":141},"10":{"name":"(anonymous_10)","decl":{"start":{"line":151,"column":28},"end":{"line":151,"column":43}},"loc":{"start":{"line":151,"column":43},"end":{"line":151,"column":67}},"line":151},"11":{"name":"(anonymous_11)","decl":{"start":{"line":163,"column":24},"end":{"line":163,"column":39}},"loc":{"start":{"line":163,"column":39},"end":{"line":163,"column":null}},"line":163},"12":{"name":"(anonymous_12)","decl":{"start":{"line":175,"column":28},"end":{"line":175,"column":43}},"loc":{"start":{"line":175,"column":43},"end":{"line":175,"column":null}},"line":175},"13":{"name":"(anonymous_13)","decl":{"start":{"line":181,"column":28},"end":{"line":181,"column":43}},"loc":{"start":{"line":181,"column":43},"end":{"line":181,"column":null}},"line":181},"14":{"name":"(anonymous_14)","decl":{"start":{"line":190,"column":20},"end":{"line":190,"column":35}},"loc":{"start":{"line":190,"column":35},"end":{"line":190,"column":null}},"line":190},"15":{"name":"(anonymous_15)","decl":{"start":{"line":199,"column":51},"end":{"line":199,"column":66}},"loc":{"start":{"line":199,"column":66},"end":{"line":199,"column":88}},"line":199}},"branchMap":{"0":{"loc":{"start":{"line":45,"column":8},"end":{"line":45,"column":null}},"type":"if","locations":[{"start":{"line":45,"column":8},"end":{"line":45,"column":null}},{"start":{},"end":{}}],"line":45},"1":{"loc":{"start":{"line":48,"column":12},"end":{"line":48,"column":null}},"type":"if","locations":[{"start":{"line":48,"column":12},"end":{"line":48,"column":null}},{"start":{},"end":{}}],"line":48},"2":{"loc":{"start":{"line":65,"column":12},"end":{"line":67,"column":null}},"type":"cond-expr","locations":[{"start":{"line":66,"column":26},"end":{"line":66,"column":null}},{"start":{"line":67,"column":26},"end":{"line":67,"column":null}}],"line":65},"3":{"loc":{"start":{"line":78,"column":16},"end":{"line":78,"column":null}},"type":"cond-expr","locations":[{"start":{"line":78,"column":29},"end":{"line":78,"column":53}},{"start":{"line":78,"column":53},"end":{"line":78,"column":null}}],"line":78},"4":{"loc":{"start":{"line":87,"column":28},"end":{"line":108,"column":null}},"type":"cond-expr","locations":[{"start":{"line":88,"column":32},"end":{"line":97,"column":null}},{"start":{"line":99,"column":32},"end":{"line":108,"column":null}}],"line":87},"5":{"loc":{"start":{"line":92,"column":24},"end":{"line":92,"column":null}},"type":"cond-expr","locations":[{"start":{"line":92,"column":37},"end":{"line":92,"column":88}},{"start":{"line":92,"column":88},"end":{"line":92,"column":null}}],"line":92},"6":{"loc":{"start":{"line":103,"column":24},"end":{"line":103,"column":null}},"type":"cond-expr","locations":[{"start":{"line":103,"column":37},"end":{"line":103,"column":88}},{"start":{"line":103,"column":88},"end":{"line":103,"column":null}}],"line":103},"7":{"loc":{"start":{"line":125,"column":29},"end":{"line":125,"column":null}},"type":"cond-expr","locations":[{"start":{"line":125,"column":46},"end":{"line":125,"column":65}},{"start":{"line":125,"column":64},"end":{"line":125,"column":null}}],"line":125},"8":{"loc":{"start":{"line":135,"column":12},"end":{"line":135,"column":null}},"type":"cond-expr","locations":[{"start":{"line":135,"column":29},"end":{"line":135,"column":65}},{"start":{"line":135,"column":65},"end":{"line":135,"column":null}}],"line":135},"9":{"loc":{"start":{"line":138,"column":20},"end":{"line":156,"column":null}},"type":"cond-expr","locations":[{"start":{"line":139,"column":24},"end":{"line":146,"column":null}},{"start":{"line":148,"column":24},"end":{"line":156,"column":null}}],"line":138},"10":{"loc":{"start":{"line":143,"column":80},"end":{"line":143,"column":135}},"type":"cond-expr","locations":[{"start":{"line":143,"column":97},"end":{"line":143,"column":115}},{"start":{"line":143,"column":115},"end":{"line":143,"column":135}}],"line":143},"11":{"loc":{"start":{"line":143,"column":144},"end":{"line":143,"column":168}},"type":"cond-expr","locations":[{"start":{"line":143,"column":161},"end":{"line":143,"column":165}},{"start":{"line":143,"column":165},"end":{"line":143,"column":168}}],"line":143},"12":{"loc":{"start":{"line":153,"column":80},"end":{"line":153,"column":135}},"type":"cond-expr","locations":[{"start":{"line":153,"column":97},"end":{"line":153,"column":115}},{"start":{"line":153,"column":115},"end":{"line":153,"column":135}}],"line":153},"13":{"loc":{"start":{"line":153,"column":144},"end":{"line":153,"column":168}},"type":"cond-expr","locations":[{"start":{"line":153,"column":161},"end":{"line":153,"column":165}},{"start":{"line":153,"column":165},"end":{"line":153,"column":168}}],"line":153},"14":{"loc":{"start":{"line":161,"column":17},"end":{"line":185,"column":null}},"type":"cond-expr","locations":[{"start":{"line":162,"column":20},"end":{"line":173,"column":21}},{"start":{"line":173,"column":20},"end":{"line":185,"column":null}}],"line":161},"15":{"loc":{"start":{"line":165,"column":68},"end":{"line":165,"column":92}},"type":"cond-expr","locations":[{"start":{"line":165,"column":85},"end":{"line":165,"column":89}},{"start":{"line":165,"column":89},"end":{"line":165,"column":92}}],"line":165},"16":{"loc":{"start":{"line":173,"column":92},"end":{"line":173,"column":116}},"type":"cond-expr","locations":[{"start":{"line":173,"column":109},"end":{"line":173,"column":113}},{"start":{"line":173,"column":113},"end":{"line":173,"column":116}}],"line":173},"17":{"loc":{"start":{"line":192,"column":66},"end":{"line":192,"column":121}},"type":"cond-expr","locations":[{"start":{"line":192,"column":83},"end":{"line":192,"column":101}},{"start":{"line":192,"column":101},"end":{"line":192,"column":121}}],"line":192},"18":{"loc":{"start":{"line":192,"column":130},"end":{"line":192,"column":154}},"type":"cond-expr","locations":[{"start":{"line":192,"column":147},"end":{"line":192,"column":151}},{"start":{"line":192,"column":151},"end":{"line":192,"column":154}}],"line":192},"19":{"loc":{"start":{"line":198,"column":13},"end":{"line":199,"column":null}},"type":"binary-expr","locations":[{"start":{"line":198,"column":13},"end":{"line":198,"column":null}},{"start":{"line":199,"column":16},"end":{"line":199,"column":null}}],"line":198}},"s":{"0":0,"1":0,"2":0,"3":0,"4":0,"5":0,"6":0,"7":0,"8":0,"9":0,"10":0,"11":0,"12":0,"13":0,"14":0,"15":0,"16":0,"17":0,"18":0,"19":0,"20":0,"21":0,"22":0,"23":0,"24":0,"25":0,"26":0,"27":0,"28":0,"29":0,"30":0,"31":0,"32":0,"33":0,"34":0},"f":{"0":0,"1":0,"2":0,"3":0,"4":0,"5":0,"6":0,"7":0,"8":0,"9":0,"10":0,"11":0,"12":0,"13":0,"14":0,"15":0},"b":{"0":[0,0],"1":[0,0],"2":[0,0],"3":[0,0],"4":[0,0],"5":[0,0],"6":[0,0],"7":[0,0],"8":[0,0],"9":[0,0],"10":[0,0],"11":[0,0],"12":[0,0],"13":[0,0],"14":[0,0],"15":[0,0],"16":[0,0],"17":[0,0],"18":[0,0],"19":[0,0]},"meta":{"lastBranch":20,"lastFunction":16,"lastStatement":35,"seen":{"s:28:6:201:Infinity":0,"f:28:6:28:21":0,"s:29:23:29:55":1,"s:30:27:30:63":2,"s:31:22:31:52":3,"s:32:10:32:31":4,"s:33:10:33:34":5,"s:34:12:34:37":6,"s:36:4:50:Infinity":7,"f:36:4:36:20":1,"s:37:25:41:Infinity":8,"f:37:29:37:Infinity":2,"s:39:16:39:Infinity":9,"s:44:21:44:52":10,"b:45:8:45:Infinity:undefined:undefined:undefined:undefined":0,"s:45:8:45:Infinity":11,"s:45:18:45:Infinity":12,"s:47:8:48:Infinity":13,"f:47:8:47:21":3,"b:48:12:48:Infinity:undefined:undefined:undefined:undefined":1,"s:48:12:48:Infinity":14,"s:48:22:48:Infinity":15,"s:52:21:57:Infinity":16,"s:59:4:201:Infinity":17,"b:66:26:66:Infinity:67:26:67:Infinity":2,"b:78:29:78:53:78:53:78:Infinity":3,"f:86:34:86:39":4,"s:87:28:108:Infinity":18,"b:88:32:97:Infinity:99:32:108:Infinity":4,"f:90:36:90:51":5,"s:90:51:90:70":19,"b:92:37:92:88:92:88:92:Infinity":5,"b:103:37:103:88:103:88:103:Infinity":6,"f:116:28:116:43":6,"s:116:43:116:65":20,"f:123:28:123:43":7,"s:123:43:123:77":21,"b:125:46:125:65:125:64:125:Infinity":7,"b:135:29:135:65:135:65:135:Infinity":8,"f:137:26:137:31":8,"s:138:20:156:Infinity":22,"b:139:24:146:Infinity:148:24:156:Infinity":9,"f:141:28:141:43":9,"s:141:45:141:71":23,"s:141:71:141:Infinity":24,"b:143:97:143:115:143:115:143:135":10,"b:143:161:143:165:143:165:143:168":11,"f:151:28:151:43":10,"s:151:43:151:67":25,"b:153:97:153:115:153:115:153:135":12,"b:153:161:153:165:153:165:153:168":13,"b:162:20:173:21:173:20:185:Infinity":14,"f:163:24:163:39":11,"s:163:41:163:67":26,"s:163:67:163:Infinity":27,"b:165:85:165:89:165:89:165:92":15,"b:173:109:173:113:173:113:173:116":16,"f:175:28:175:43":12,"s:175:45:175:71":28,"s:175:71:175:Infinity":29,"f:181:28:181:43":13,"s:181:45:181:71":30,"s:181:71:181:Infinity":31,"f:190:20:190:35":14,"s:190:37:190:63":32,"s:190:63:190:Infinity":33,"b:192:83:192:101:192:101:192:121":17,"b:192:147:192:151:192:151:192:154":18,"b:198:13:198:Infinity:199:16:199:Infinity":19,"f:199:51:199:66":15,"s:199:66:199:88":34}}}
,"/Users/martinofunrein/Downloads/the-dictators/frontend/src/components/PageNavbar.jsx": {"path":"/Users/martinofunrein/Downloads/the-dictators/frontend/src/components/PageNavbar.jsx","statementMap":{"0":{"start":{"line":19,"column":18},"end":{"line":23,"column":null}},"1":{"start":{"line":26,"column":20},"end":{"line":26,"column":50}},"2":{"start":{"line":27,"column":25},"end":{"line":27,"column":61}},"3":{"start":{"line":28,"column":10},"end":{"line":28,"column":35}},"4":{"start":{"line":29,"column":18},"end":{"line":29,"column":44}},"5":{"start":{"line":30,"column":8},"end":{"line":30,"column":32}},"6":{"start":{"line":31,"column":8},"end":{"line":31,"column":32}},"7":{"start":{"line":33,"column":15},"end":{"line":33,"column":null}},"8":{"start":{"line":34,"column":21},"end":{"line":34,"column":null}},"9":{"start":{"line":35,"column":17},"end":{"line":35,"column":null}},"10":{"start":{"line":38,"column":4},"end":{"line":38,"column":null}},"11":{"start":{"line":39,"column":4},"end":{"line":39,"column":null}},"12":{"start":{"line":42,"column":2},"end":{"line":193,"column":null}},"13":{"start":{"line":46,"column":31},"end":{"line":46,"column":41}},"14":{"start":{"line":58,"column":12},"end":{"line":67,"column":null}},"15":{"start":{"line":60,"column":29},"end":{"line":60,"column":48}},"16":{"start":{"line":76,"column":29},"end":{"line":76,"column":49}},"17":{"start":{"line":90,"column":31},"end":{"line":90,"column":52}},"18":{"start":{"line":96,"column":31},"end":{"line":96,"column":53}},"19":{"start":{"line":116,"column":27},"end":{"line":116,"column":49}},"20":{"start":{"line":124,"column":27},"end":{"line":124,"column":61}},"21":{"start":{"line":138,"column":14},"end":{"line":149,"column":null}},"22":{"start":{"line":140,"column":31},"end":{"line":140,"column":47}},"23":{"start":{"line":152,"column":29},"end":{"line":152,"column":48}},"24":{"start":{"line":162,"column":31},"end":{"line":162,"column":48}},"25":{"start":{"line":173,"column":35},"end":{"line":173,"column":61}},"26":{"start":{"line":173,"column":61},"end":{"line":173,"column":null}},"27":{"start":{"line":179,"column":35},"end":{"line":179,"column":61}},"28":{"start":{"line":179,"column":61},"end":{"line":179,"column":null}},"29":{"start":{"line":191,"column":58},"end":{"line":191,"column":80}}},"fnMap":{"0":{"name":"PageNavbar","decl":{"start":{"line":25,"column":24},"end":{"line":25,"column":37}},"loc":{"start":{"line":25,"column":37},"end":{"line":193,"column":null}},"line":25},"1":{"name":"navTo","decl":{"start":{"line":37,"column":11},"end":{"line":37,"column":17}},"loc":{"start":{"line":37,"column":23},"end":{"line":39,"column":null}},"line":37},"2":{"name":"(anonymous_2)","decl":{"start":{"line":46,"column":16},"end":{"line":46,"column":31}},"loc":{"start":{"line":46,"column":31},"end":{"line":46,"column":41}},"line":46},"3":{"name":"(anonymous_3)","decl":{"start":{"line":57,"column":21},"end":{"line":57,"column":26}},"loc":{"start":{"line":58,"column":12},"end":{"line":67,"column":null}},"line":58},"4":{"name":"(anonymous_4)","decl":{"start":{"line":60,"column":14},"end":{"line":60,"column":29}},"loc":{"start":{"line":60,"column":29},"end":{"line":60,"column":48}},"line":60},"5":{"name":"(anonymous_5)","decl":{"start":{"line":76,"column":14},"end":{"line":76,"column":29}},"loc":{"start":{"line":76,"column":29},"end":{"line":76,"column":49}},"line":76},"6":{"name":"(anonymous_6)","decl":{"start":{"line":90,"column":16},"end":{"line":90,"column":31}},"loc":{"start":{"line":90,"column":31},"end":{"line":90,"column":52}},"line":90},"7":{"name":"(anonymous_7)","decl":{"start":{"line":96,"column":16},"end":{"line":96,"column":31}},"loc":{"start":{"line":96,"column":31},"end":{"line":96,"column":53}},"line":96},"8":{"name":"(anonymous_8)","decl":{"start":{"line":116,"column":12},"end":{"line":116,"column":27}},"loc":{"start":{"line":116,"column":27},"end":{"line":116,"column":49}},"line":116},"9":{"name":"(anonymous_9)","decl":{"start":{"line":124,"column":12},"end":{"line":124,"column":27}},"loc":{"start":{"line":124,"column":27},"end":{"line":124,"column":61}},"line":124},"10":{"name":"(anonymous_10)","decl":{"start":{"line":137,"column":23},"end":{"line":137,"column":28}},"loc":{"start":{"line":138,"column":14},"end":{"line":149,"column":null}},"line":138},"11":{"name":"(anonymous_11)","decl":{"start":{"line":140,"column":16},"end":{"line":140,"column":31}},"loc":{"start":{"line":140,"column":31},"end":{"line":140,"column":47}},"line":140},"12":{"name":"(anonymous_12)","decl":{"start":{"line":152,"column":14},"end":{"line":152,"column":29}},"loc":{"start":{"line":152,"column":29},"end":{"line":152,"column":48}},"line":152},"13":{"name":"(anonymous_13)","decl":{"start":{"line":162,"column":16},"end":{"line":162,"column":31}},"loc":{"start":{"line":162,"column":31},"end":{"line":162,"column":48}},"line":162},"14":{"name":"(anonymous_14)","decl":{"start":{"line":173,"column":18},"end":{"line":173,"column":33}},"loc":{"start":{"line":173,"column":33},"end":{"line":173,"column":null}},"line":173},"15":{"name":"(anonymous_15)","decl":{"start":{"line":179,"column":18},"end":{"line":179,"column":33}},"loc":{"start":{"line":179,"column":33},"end":{"line":179,"column":null}},"line":179},"16":{"name":"(anonymous_16)","decl":{"start":{"line":191,"column":43},"end":{"line":191,"column":58}},"loc":{"start":{"line":191,"column":58},"end":{"line":191,"column":80}},"line":191}},"branchMap":{"0":{"loc":{"start":{"line":33,"column":15},"end":{"line":33,"column":null}},"type":"cond-expr","locations":[{"start":{"line":33,"column":24},"end":{"line":33,"column":66}},{"start":{"line":33,"column":66},"end":{"line":33,"column":null}}],"line":33},"1":{"loc":{"start":{"line":34,"column":21},"end":{"line":34,"column":null}},"type":"cond-expr","locations":[{"start":{"line":34,"column":30},"end":{"line":34,"column":45}},{"start":{"line":34,"column":45},"end":{"line":34,"column":null}}],"line":34},"2":{"loc":{"start":{"line":35,"column":17},"end":{"line":35,"column":null}},"type":"cond-expr","locations":[{"start":{"line":35,"column":26},"end":{"line":35,"column":68}},{"start":{"line":35,"column":68},"end":{"line":35,"column":null}}],"line":35},"3":{"loc":{"start":{"line":44,"column":128},"end":{"line":44,"column":null}},"type":"cond-expr","locations":[{"start":{"line":44,"column":137},"end":{"line":44,"column":156}},{"start":{"line":44,"column":156},"end":{"line":44,"column":null}}],"line":44},"4":{"loc":{"start":{"line":50,"column":111},"end":{"line":50,"column":221}},"type":"cond-expr","locations":[{"start":{"line":50,"column":120},"end":{"line":50,"column":168}},{"start":{"line":50,"column":168},"end":{"line":50,"column":221}}],"line":50},"5":{"loc":{"start":{"line":62,"column":18},"end":{"line":62,"column":null}},"type":"cond-expr","locations":[{"start":{"line":62,"column":52},"end":{"line":62,"column":65}},{"start":{"line":62,"column":65},"end":{"line":62,"column":null}}],"line":62},"6":{"loc":{"start":{"line":66,"column":18},"end":{"line":66,"column":93}},"type":"cond-expr","locations":[{"start":{"line":66,"column":52},"end":{"line":66,"column":63}},{"start":{"line":66,"column":63},"end":{"line":66,"column":93}}],"line":66},"7":{"loc":{"start":{"line":74,"column":11},"end":{"line":100,"column":null}},"type":"cond-expr","locations":[{"start":{"line":75,"column":12},"end":{"line":88,"column":13}},{"start":{"line":88,"column":12},"end":{"line":100,"column":null}}],"line":74},"8":{"loc":{"start":{"line":78,"column":18},"end":{"line":80,"column":null}},"type":"cond-expr","locations":[{"start":{"line":79,"column":20},"end":{"line":79,"column":null}},{"start":{"line":80,"column":20},"end":{"line":80,"column":null}}],"line":78},"9":{"loc":{"start":{"line":80,"column":33},"end":{"line":80,"column":null}},"type":"cond-expr","locations":[{"start":{"line":80,"column":42},"end":{"line":80,"column":74}},{"start":{"line":80,"column":74},"end":{"line":80,"column":null}}],"line":80},"10":{"loc":{"start":{"line":91,"column":131},"end":{"line":91,"column":null}},"type":"cond-expr","locations":[{"start":{"line":91,"column":140},"end":{"line":91,"column":175}},{"start":{"line":91,"column":175},"end":{"line":91,"column":null}}],"line":91},"11":{"loc":{"start":{"line":107,"column":174},"end":{"line":107,"column":null}},"type":"cond-expr","locations":[{"start":{"line":107,"column":183},"end":{"line":107,"column":225}},{"start":{"line":107,"column":225},"end":{"line":107,"column":null}}],"line":107},"12":{"loc":{"start":{"line":108,"column":19},"end":{"line":108,"column":null}},"type":"cond-expr","locations":[{"start":{"line":108,"column":28},"end":{"line":108,"column":53}},{"start":{"line":108,"column":53},"end":{"line":108,"column":null}}],"line":108},"13":{"loc":{"start":{"line":110,"column":13},"end":{"line":111,"column":13}},"type":"cond-expr","locations":[{"start":{"line":110,"column":22},"end":{"line":110,"column":43}},{"start":{"line":110,"column":42},"end":{"line":111,"column":13}}],"line":110},"14":{"loc":{"start":{"line":111,"column":48},"end":{"line":111,"column":81}},"type":"cond-expr","locations":[{"start":{"line":111,"column":57},"end":{"line":111,"column":67}},{"start":{"line":111,"column":67},"end":{"line":111,"column":81}}],"line":111},"15":{"loc":{"start":{"line":125,"column":106},"end":{"line":125,"column":null}},"type":"cond-expr","locations":[{"start":{"line":125,"column":115},"end":{"line":125,"column":148}},{"start":{"line":125,"column":148},"end":{"line":125,"column":null}}],"line":125},"16":{"loc":{"start":{"line":128,"column":13},"end":{"line":128,"column":null}},"type":"cond-expr","locations":[{"start":{"line":128,"column":30},"end":{"line":128,"column":49}},{"start":{"line":128,"column":48},"end":{"line":128,"column":null}}],"line":128},"17":{"loc":{"start":{"line":134,"column":7},"end":{"line":186,"column":null}},"type":"binary-expr","locations":[{"start":{"line":134,"column":7},"end":{"line":134,"column":null}},{"start":{"line":135,"column":8},"end":{"line":186,"column":null}}],"line":134},"18":{"loc":{"start":{"line":135,"column":81},"end":{"line":135,"column":137}},"type":"cond-expr","locations":[{"start":{"line":135,"column":90},"end":{"line":135,"column":114}},{"start":{"line":135,"column":114},"end":{"line":135,"column":137}}],"line":135},"19":{"loc":{"start":{"line":142,"column":18},"end":{"line":142,"column":null}},"type":"cond-expr","locations":[{"start":{"line":142,"column":27},"end":{"line":142,"column":46}},{"start":{"line":142,"column":46},"end":{"line":142,"column":null}}],"line":142},"20":{"loc":{"start":{"line":143,"column":20},"end":{"line":145,"column":null}},"type":"cond-expr","locations":[{"start":{"line":144,"column":20},"end":{"line":144,"column":null}},{"start":{"line":145,"column":20},"end":{"line":145,"column":null}}],"line":143},"21":{"loc":{"start":{"line":145,"column":20},"end":{"line":145,"column":null}},"type":"cond-expr","locations":[{"start":{"line":145,"column":29},"end":{"line":145,"column":44}},{"start":{"line":145,"column":44},"end":{"line":145,"column":null}}],"line":145},"22":{"loc":{"start":{"line":153,"column":114},"end":{"line":153,"column":null}},"type":"cond-expr","locations":[{"start":{"line":153,"column":123},"end":{"line":153,"column":153}},{"start":{"line":153,"column":153},"end":{"line":153,"column":null}}],"line":153},"23":{"loc":{"start":{"line":160,"column":13},"end":{"line":183,"column":null}},"type":"cond-expr","locations":[{"start":{"line":161,"column":14},"end":{"line":171,"column":15}},{"start":{"line":171,"column":14},"end":{"line":183,"column":null}}],"line":160},"24":{"loc":{"start":{"line":168,"column":33},"end":{"line":168,"column":79}},"type":"cond-expr","locations":[{"start":{"line":168,"column":42},"end":{"line":168,"column":57}},{"start":{"line":168,"column":57},"end":{"line":168,"column":79}}],"line":168},"25":{"loc":{"start":{"line":174,"column":134},"end":{"line":174,"column":null}},"type":"cond-expr","locations":[{"start":{"line":174,"column":143},"end":{"line":174,"column":158}},{"start":{"line":174,"column":158},"end":{"line":174,"column":null}}],"line":174},"26":{"loc":{"start":{"line":190,"column":7},"end":{"line":191,"column":null}},"type":"binary-expr","locations":[{"start":{"line":190,"column":7},"end":{"line":190,"column":null}},{"start":{"line":191,"column":8},"end":{"line":191,"column":null}}],"line":190}},"s":{"0":0,"1":0,"2":0,"3":0,"4":0,"5":0,"6":0,"7":0,"8":0,"9":0,"10":0,"11":0,"12":0,"13":0,"14":0,"15":0,"16":0,"17":0,"18":0,"19":0,"20":0,"21":0,"22":0,"23":0,"24":0,"25":0,"26":0,"27":0,"28":0,"29":0},"f":{"0":0,"1":0,"2":0,"3":0,"4":0,"5":0,"6":0,"7":0,"8":0,"9":0,"10":0,"11":0,"12":0,"13":0,"14":0,"15":0,"16":0},"b":{"0":[0,0],"1":[0,0],"2":[0,0],"3":[0,0],"4":[0,0],"5":[0,0],"6":[0,0],"7":[0,0],"8":[0,0],"9":[0,0],"10":[0,0],"11":[0,0],"12":[0,0],"13":[0,0],"14":[0,0],"15":[0,0],"16":[0,0],"17":[0,0],"18":[0,0],"19":[0,0],"20":[0,0],"21":[0,0],"22":[0,0],"23":[0,0],"24":[0,0],"25":[0,0],"26":[0,0]},"meta":{"lastBranch":27,"lastFunction":17,"lastStatement":30,"seen":{"s:19:18:23:Infinity":0,"f:25:24:25:37":0,"s:26:20:26:50":1,"s:27:25:27:61":2,"s:28:10:28:35":3,"s:29:18:29:44":4,"s:30:8:30:32":5,"s:31:8:31:32":6,"s:33:15:33:Infinity":7,"b:33:24:33:66:33:66:33:Infinity":0,"s:34:21:34:Infinity":8,"b:34:30:34:45:34:45:34:Infinity":1,"s:35:17:35:Infinity":9,"b:35:26:35:68:35:68:35:Infinity":2,"f:37:11:37:17":1,"s:38:4:38:Infinity":10,"s:39:4:39:Infinity":11,"s:42:2:193:Infinity":12,"b:44:137:44:156:44:156:44:Infinity":3,"f:46:16:46:31":2,"s:46:31:46:41":13,"b:50:120:50:168:50:168:50:221":4,"f:57:21:57:26":3,"s:58:12:67:Infinity":14,"f:60:14:60:29":4,"s:60:29:60:48":15,"b:62:52:62:65:62:65:62:Infinity":5,"b:66:52:66:63:66:63:66:93":6,"b:75:12:88:13:88:12:100:Infinity":7,"f:76:14:76:29":5,"s:76:29:76:49":16,"b:79:20:79:Infinity:80:20:80:Infinity":8,"b:80:42:80:74:80:74:80:Infinity":9,"f:90:16:90:31":6,"s:90:31:90:52":17,"b:91:140:91:175:91:175:91:Infinity":10,"f:96:16:96:31":7,"s:96:31:96:53":18,"b:107:183:107:225:107:225:107:Infinity":11,"b:108:28:108:53:108:53:108:Infinity":12,"b:110:22:110:43:110:42:111:13":13,"b:111:57:111:67:111:67:111:81":14,"f:116:12:116:27":8,"s:116:27:116:49":19,"f:124:12:124:27":9,"s:124:27:124:61":20,"b:125:115:125:148:125:148:125:Infinity":15,"b:128:30:128:49:128:48:128:Infinity":16,"b:134:7:134:Infinity:135:8:186:Infinity":17,"b:135:90:135:114:135:114:135:137":18,"f:137:23:137:28":10,"s:138:14:149:Infinity":21,"f:140:16:140:31":11,"s:140:31:140:47":22,"b:142:27:142:46:142:46:142:Infinity":19,"b:144:20:144:Infinity:145:20:145:Infinity":20,"b:145:29:145:44:145:44:145:Infinity":21,"f:152:14:152:29":12,"s:152:29:152:48":23,"b:153:123:153:153:153:153:153:Infinity":22,"b:161:14:171:15:171:14:183:Infinity":23,"f:162:16:162:31":13,"s:162:31:162:48":24,"b:168:42:168:57:168:57:168:79":24,"f:173:18:173:33":14,"s:173:35:173:61":25,"s:173:61:173:Infinity":26,"b:174:143:174:158:174:158:174:Infinity":25,"f:179:18:179:33":15,"s:179:35:179:61":27,"s:179:61:179:Infinity":28,"b:190:7:190:Infinity:191:8:191:Infinity":26,"f:191:43:191:58":16,"s:191:58:191:80":29}}}
,"/Users/martinofunrein/Downloads/the-dictators/frontend/src/components/Philosophy.jsx": {"path":"/Users/martinofunrein/Downloads/the-dictators/frontend/src/components/Philosophy.jsx","statementMap":{"0":{"start":{"line":13,"column":6},"end":{"line":30,"column":null}},"1":{"start":{"line":14,"column":10},"end":{"line":14,"column":28}},"2":{"start":{"line":16,"column":4},"end":{"line":21,"column":null}},"3":{"start":{"line":17,"column":8},"end":{"line":19,"column":null}},"4":{"start":{"line":18,"column":12},"end":{"line":18,"column":null}},"5":{"start":{"line":19,"column":12},"end":{"line":19,"column":null}},"6":{"start":{"line":23,"column":4},"end":{"line":30,"column":null}},"7":{"start":{"line":35,"column":6},"end":{"line":159,"column":null}},"8":{"start":{"line":36,"column":10},"end":{"line":36,"column":37}},"9":{"start":{"line":38,"column":4},"end":{"line":96,"column":null}},"10":{"start":{"line":39,"column":20},"end":{"line":94,"column":24}},"11":{"start":{"line":41,"column":12},"end":{"line":54,"column":null}},"12":{"start":{"line":57,"column":26},"end":{"line":57,"column":58}},"13":{"start":{"line":59,"column":12},"end":{"line":74,"column":null}},"14":{"start":{"line":60,"column":16},"end":{"line":73,"column":null}},"15":{"start":{"line":77,"column":12},"end":{"line":92,"column":null}},"16":{"start":{"line":95,"column":8},"end":{"line":95,"column":null}},"17":{"start":{"line":95,"column":21},"end":{"line":95,"column":33}},"18":{"start":{"line":98,"column":4},"end":{"line":159,"column":null}}},"fnMap":{"0":{"name":"(anonymous_0)","decl":{"start":{"line":13,"column":6},"end":{"line":13,"column":22}},"loc":{"start":{"line":13,"column":61},"end":{"line":30,"column":null}},"line":13},"1":{"name":"(anonymous_1)","decl":{"start":{"line":16,"column":4},"end":{"line":16,"column":19}},"loc":{"start":{"line":16,"column":19},"end":{"line":21,"column":null}},"line":16},"2":{"name":"(anonymous_2)","decl":{"start":{"line":35,"column":6},"end":{"line":35,"column":25}},"loc":{"start":{"line":35,"column":25},"end":{"line":159,"column":null}},"line":35},"3":{"name":"(anonymous_3)","decl":{"start":{"line":38,"column":4},"end":{"line":38,"column":20}},"loc":{"start":{"line":38,"column":20},"end":{"line":96,"column":9}},"line":38},"4":{"name":"(anonymous_4)","decl":{"start":{"line":39,"column":25},"end":{"line":39,"column":39}},"loc":{"start":{"line":39,"column":39},"end":{"line":94,"column":24}},"line":39},"5":{"name":"(anonymous_5)","decl":{"start":{"line":59,"column":18},"end":{"line":59,"column":27}},"loc":{"start":{"line":59,"column":43},"end":{"line":74,"column":null}},"line":59},"6":{"name":"(anonymous_6)","decl":{"start":{"line":95,"column":8},"end":{"line":95,"column":21}},"loc":{"start":{"line":95,"column":21},"end":{"line":95,"column":33}},"line":95}},"branchMap":{"0":{"loc":{"start":{"line":17,"column":8},"end":{"line":19,"column":null}},"type":"if","locations":[{"start":{"line":17,"column":8},"end":{"line":19,"column":null}},{"start":{},"end":{}}],"line":17}},"s":{"0":0,"1":0,"2":0,"3":0,"4":0,"5":0,"6":0,"7":0,"8":0,"9":0,"10":0,"11":0,"12":0,"13":0,"14":0,"15":0,"16":0,"17":0,"18":0},"f":{"0":0,"1":0,"2":0,"3":0,"4":0,"5":0,"6":0},"b":{"0":[0,0]},"meta":{"lastBranch":1,"lastFunction":7,"lastStatement":19,"seen":{"s:13:6:30:Infinity":0,"f:13:6:13:22":0,"s:14:10:14:28":1,"s:16:4:21:Infinity":2,"f:16:4:16:19":1,"b:17:8:19:Infinity:undefined:undefined:undefined:undefined":0,"s:17:8:19:Infinity":3,"s:18:12:18:Infinity":4,"s:19:12:19:Infinity":5,"s:23:4:30:Infinity":6,"s:35:6:159:Infinity":7,"f:35:6:35:25":2,"s:36:10:36:37":8,"s:38:4:96:Infinity":9,"f:38:4:38:20":3,"s:39:20:94:24":10,"f:39:25:39:39":4,"s:41:12:54:Infinity":11,"s:57:26:57:58":12,"s:59:12:74:Infinity":13,"f:59:18:59:27":5,"s:60:16:73:Infinity":14,"s:77:12:92:Infinity":15,"s:95:8:95:Infinity":16,"f:95:8:95:21":6,"s:95:21:95:33":17,"s:98:4:159:Infinity":18}}}
,"/Users/martinofunrein/Downloads/the-dictators/frontend/src/components/Protocol.jsx": {"path":"/Users/martinofunrein/Downloads/the-dictators/frontend/src/components/Protocol.jsx","statementMap":{"0":{"start":{"line":13,"column":6},"end":{"line":169,"column":null}},"1":{"start":{"line":14,"column":10},"end":{"line":14,"column":37}},"2":{"start":{"line":16,"column":4},"end":{"line":48,"column":null}},"3":{"start":{"line":19,"column":20},"end":{"line":45,"column":24}},"4":{"start":{"line":21,"column":26},"end":{"line":21,"column":62}},"5":{"start":{"line":22,"column":31},"end":{"line":22,"column":null}},"6":{"start":{"line":25,"column":12},"end":{"line":43,"column":null}},"7":{"start":{"line":47,"column":8},"end":{"line":47,"column":null}},"8":{"start":{"line":47,"column":21},"end":{"line":47,"column":33}},"9":{"start":{"line":50,"column":4},"end":{"line":169,"column":null}},"10":{"start":{"line":112,"column":36},"end":{"line":112,"column":null}}},"fnMap":{"0":{"name":"(anonymous_0)","decl":{"start":{"line":13,"column":6},"end":{"line":13,"column":23}},"loc":{"start":{"line":13,"column":23},"end":{"line":169,"column":null}},"line":13},"1":{"name":"(anonymous_1)","decl":{"start":{"line":16,"column":4},"end":{"line":16,"column":20}},"loc":{"start":{"line":16,"column":20},"end":{"line":48,"column":9}},"line":16},"2":{"name":"(anonymous_2)","decl":{"start":{"line":19,"column":25},"end":{"line":19,"column":39}},"loc":{"start":{"line":19,"column":39},"end":{"line":45,"column":24}},"line":19},"3":{"name":"(anonymous_3)","decl":{"start":{"line":47,"column":8},"end":{"line":47,"column":21}},"loc":{"start":{"line":47,"column":21},"end":{"line":47,"column":33}},"line":47},"4":{"name":"(anonymous_4)","decl":{"start":{"line":111,"column":60},"end":{"line":111,"column":65}},"loc":{"start":{"line":112,"column":36},"end":{"line":112,"column":null}},"line":112}},"branchMap":{},"s":{"0":0,"1":0,"2":0,"3":0,"4":0,"5":0,"6":0,"7":0,"8":0,"9":0,"10":0},"f":{"0":0,"1":0,"2":0,"3":0,"4":0},"b":{},"meta":{"lastBranch":0,"lastFunction":5,"lastStatement":11,"seen":{"s:13:6:169:Infinity":0,"f:13:6:13:23":0,"s:14:10:14:37":1,"s:16:4:48:Infinity":2,"f:16:4:16:20":1,"s:19:20:45:24":3,"f:19:25:19:39":2,"s:21:26:21:62":4,"s:22:31:22:Infinity":5,"s:25:12:43:Infinity":6,"s:47:8:47:Infinity":7,"f:47:8:47:21":3,"s:47:21:47:33":8,"s:50:4:169:Infinity":9,"f:111:60:111:65":4,"s:112:36:112:Infinity":10}}}
,"/Users/martinofunrein/Downloads/the-dictators/frontend/src/components/RubiksCube3D.jsx": {"path":"/Users/martinofunrein/Downloads/the-dictators/frontend/src/components/RubiksCube3D.jsx","statementMap":{"0":{"start":{"line":13,"column":19},"end":{"line":13,"column":null}},"1":{"start":{"line":14,"column":21},"end":{"line":14,"column":null}},"2":{"start":{"line":15,"column":12},"end":{"line":15,"column":null}},"3":{"start":{"line":16,"column":16},"end":{"line":16,"column":null}},"4":{"start":{"line":18,"column":18},"end":{"line":25,"column":null}},"5":{"start":{"line":27,"column":24},"end":{"line":34,"column":null}},"6":{"start":{"line":36,"column":21},"end":{"line":43,"column":null}},"7":{"start":{"line":46,"column":2},"end":{"line":53,"column":null}},"8":{"start":{"line":47,"column":14},"end":{"line":47,"column":null}},"9":{"start":{"line":48,"column":14},"end":{"line":48,"column":null}},"10":{"start":{"line":49,"column":14},"end":{"line":49,"column":null}},"11":{"start":{"line":50,"column":14},"end":{"line":50,"column":null}},"12":{"start":{"line":51,"column":14},"end":{"line":51,"column":null}},"13":{"start":{"line":52,"column":14},"end":{"line":52,"column":null}},"14":{"start":{"line":53,"column":13},"end":{"line":53,"column":null}},"15":{"start":{"line":58,"column":6},"end":{"line":94,"column":null}},"16":{"start":{"line":59,"column":19},"end":{"line":59,"column":21}},"17":{"start":{"line":61,"column":2},"end":{"line":83,"column":null}},"18":{"start":{"line":63,"column":7},"end":{"line":65,"column":null}},"19":{"start":{"line":66,"column":4},"end":{"line":66,"column":null}},"20":{"start":{"line":66,"column":20},"end":{"line":66,"column":null}},"21":{"start":{"line":68,"column":25},"end":{"line":68,"column":62}},"22":{"start":{"line":69,"column":18},"end":{"line":69,"column":null}},"23":{"start":{"line":70,"column":18},"end":{"line":70,"column":null}},"24":{"start":{"line":72,"column":16},"end":{"line":76,"column":null}},"25":{"start":{"line":78,"column":4},"end":{"line":83,"column":null}},"26":{"start":{"line":86,"column":2},"end":{"line":94,"column":null}},"27":{"start":{"line":100,"column":6},"end":{"line":152,"column":null}},"28":{"start":{"line":101,"column":8},"end":{"line":101,"column":27}},"29":{"start":{"line":102,"column":21},"end":{"line":102,"column":53}},"30":{"start":{"line":103,"column":8},"end":{"line":103,"column":49}},"31":{"start":{"line":106,"column":8},"end":{"line":118,"column":8}},"32":{"start":{"line":107,"column":17},"end":{"line":107,"column":19}},"33":{"start":{"line":108,"column":4},"end":{"line":113,"column":null}},"34":{"start":{"line":108,"column":17},"end":{"line":108,"column":21}},"35":{"start":{"line":109,"column":6},"end":{"line":113,"column":null}},"36":{"start":{"line":109,"column":19},"end":{"line":109,"column":23}},"37":{"start":{"line":110,"column":8},"end":{"line":113,"column":null}},"38":{"start":{"line":110,"column":21},"end":{"line":110,"column":25}},"39":{"start":{"line":111,"column":10},"end":{"line":113,"column":null}},"40":{"start":{"line":117,"column":4},"end":{"line":117,"column":null}},"41":{"start":{"line":121,"column":2},"end":{"line":142,"column":null}},"42":{"start":{"line":122,"column":4},"end":{"line":122,"column":null}},"43":{"start":{"line":122,"column":41},"end":{"line":122,"column":null}},"44":{"start":{"line":125,"column":4},"end":{"line":125,"column":null}},"45":{"start":{"line":126,"column":4},"end":{"line":126,"column":null}},"46":{"start":{"line":129,"column":22},"end":{"line":129,"column":null}},"47":{"start":{"line":130,"column":22},"end":{"line":130,"column":null}},"48":{"start":{"line":132,"column":4},"end":{"line":136,"column":null}},"49":{"start":{"line":137,"column":4},"end":{"line":141,"column":null}},"50":{"start":{"line":144,"column":2},"end":{"line":152,"column":null}},"51":{"start":{"line":148,"column":27},"end":{"line":148,"column":46}},"52":{"start":{"line":149,"column":25},"end":{"line":149,"column":45}}},"fnMap":{"0":{"name":"getStickerIndex","decl":{"start":{"line":45,"column":9},"end":{"line":45,"column":25}},"loc":{"start":{"line":45,"column":43},"end":{"line":53,"column":null}},"line":45},"1":{"name":"(anonymous_1)","decl":{"start":{"line":58,"column":6},"end":{"line":58,"column":19}},"loc":{"start":{"line":58,"column":38},"end":{"line":94,"column":null}},"line":58},"2":{"name":"(anonymous_2)","decl":{"start":{"line":100,"column":6},"end":{"line":100,"column":27}},"loc":{"start":{"line":100,"column":27},"end":{"line":152,"column":null}},"line":100},"3":{"name":"(anonymous_3)","decl":{"start":{"line":106,"column":17},"end":{"line":106,"column":31}},"loc":{"start":{"line":106,"column":31},"end":{"line":118,"column":7}},"line":106},"4":{"name":"(anonymous_4)","decl":{"start":{"line":121,"column":2},"end":{"line":121,"column":12}},"loc":{"start":{"line":121,"column":33},"end":{"line":142,"column":null}},"line":121},"5":{"name":"(anonymous_5)","decl":{"start":{"line":148,"column":6},"end":{"line":148,"column":27}},"loc":{"start":{"line":148,"column":27},"end":{"line":148,"column":46}},"line":148},"6":{"name":"(anonymous_6)","decl":{"start":{"line":149,"column":6},"end":{"line":149,"column":25}},"loc":{"start":{"line":149,"column":25},"end":{"line":149,"column":45}},"line":149}},"branchMap":{"0":{"loc":{"start":{"line":46,"column":2},"end":{"line":53,"column":null}},"type":"switch","locations":[{"start":{"line":47,"column":4},"end":{"line":47,"column":null}},{"start":{"line":48,"column":4},"end":{"line":48,"column":null}},{"start":{"line":49,"column":4},"end":{"line":49,"column":null}},{"start":{"line":50,"column":4},"end":{"line":50,"column":null}},{"start":{"line":51,"column":4},"end":{"line":51,"column":null}},{"start":{"line":52,"column":4},"end":{"line":52,"column":null}},{"start":{"line":53,"column":4},"end":{"line":53,"column":null}}],"line":46},"1":{"loc":{"start":{"line":63,"column":7},"end":{"line":65,"column":null}},"type":"binary-expr","locations":[{"start":{"line":63,"column":7},"end":{"line":63,"column":27}},{"start":{"line":63,"column":27},"end":{"line":63,"column":null}},{"start":{"line":64,"column":7},"end":{"line":64,"column":27}},{"start":{"line":64,"column":27},"end":{"line":64,"column":null}},{"start":{"line":65,"column":7},"end":{"line":65,"column":27}},{"start":{"line":65,"column":27},"end":{"line":65,"column":null}}],"line":63},"2":{"loc":{"start":{"line":66,"column":4},"end":{"line":66,"column":null}},"type":"if","locations":[{"start":{"line":66,"column":4},"end":{"line":66,"column":null}},{"start":{},"end":{}}],"line":66},"3":{"loc":{"start":{"line":70,"column":18},"end":{"line":70,"column":null}},"type":"binary-expr","locations":[{"start":{"line":70,"column":18},"end":{"line":70,"column":38}},{"start":{"line":70,"column":38},"end":{"line":70,"column":null}}],"line":70},"4":{"loc":{"start":{"line":73,"column":6},"end":{"line":73,"column":null}},"type":"cond-expr","locations":[{"start":{"line":73,"column":25},"end":{"line":73,"column":65}},{"start":{"line":73,"column":65},"end":{"line":73,"column":null}}],"line":73},"5":{"loc":{"start":{"line":74,"column":6},"end":{"line":74,"column":null}},"type":"cond-expr","locations":[{"start":{"line":74,"column":25},"end":{"line":74,"column":65}},{"start":{"line":74,"column":65},"end":{"line":74,"column":null}}],"line":74},"6":{"loc":{"start":{"line":75,"column":6},"end":{"line":75,"column":null}},"type":"cond-expr","locations":[{"start":{"line":75,"column":25},"end":{"line":75,"column":65}},{"start":{"line":75,"column":65},"end":{"line":75,"column":null}}],"line":75},"7":{"loc":{"start":{"line":122,"column":4},"end":{"line":122,"column":null}},"type":"if","locations":[{"start":{"line":122,"column":4},"end":{"line":122,"column":null}},{"start":{},"end":{}}],"line":122},"8":{"loc":{"start":{"line":122,"column":8},"end":{"line":122,"column":41}},"type":"binary-expr","locations":[{"start":{"line":122,"column":8},"end":{"line":122,"column":29}},{"start":{"line":122,"column":29},"end":{"line":122,"column":41}}],"line":122}},"s":{"0":0,"1":0,"2":0,"3":0,"4":0,"5":0,"6":0,"7":0,"8":0,"9":0,"10":0,"11":0,"12":0,"13":0,"14":0,"15":0,"16":0,"17":0,"18":0,"19":0,"20":0,"21":0,"22":0,"23":0,"24":0,"25":0,"26":0,"27":0,"28":0,"29":0,"30":0,"31":0,"32":0,"33":0,"34":0,"35":0,"36":0,"37":0,"38":0,"39":0,"40":0,"41":0,"42":0,"43":0,"44":0,"45":0,"46":0,"47":0,"48":0,"49":0,"50":0,"51":0,"52":0},"f":{"0":0,"1":0,"2":0,"3":0,"4":0,"5":0,"6":0},"b":{"0":[0,0,0,0,0,0,0],"1":[0,0,0,0,0,0],"2":[0,0],"3":[0,0],"4":[0,0],"5":[0,0],"6":[0,0],"7":[0,0],"8":[0,0]},"meta":{"lastBranch":9,"lastFunction":7,"lastStatement":53,"seen":{"s:13:19:13:Infinity":0,"s:14:21:14:Infinity":1,"s:15:12:15:Infinity":2,"s:16:16:16:Infinity":3,"s:18:18:25:Infinity":4,"s:27:24:34:Infinity":5,"s:36:21:43:Infinity":6,"f:45:9:45:25":0,"b:47:4:47:Infinity:48:4:48:Infinity:49:4:49:Infinity:50:4:50:Infinity:51:4:51:Infinity:52:4:52:Infinity:53:4:53:Infinity":0,"s:46:2:53:Infinity":7,"s:47:14:47:Infinity":8,"s:48:14:48:Infinity":9,"s:49:14:49:Infinity":10,"s:50:14:50:Infinity":11,"s:51:14:51:Infinity":12,"s:52:14:52:Infinity":13,"s:53:13:53:Infinity":14,"s:58:6:94:Infinity":15,"f:58:6:58:19":1,"s:59:19:59:21":16,"s:61:2:83:Infinity":17,"s:63:7:65:Infinity":18,"b:63:7:63:27:63:27:63:Infinity:64:7:64:27:64:27:64:Infinity:65:7:65:27:65:27:65:Infinity":1,"b:66:4:66:Infinity:undefined:undefined:undefined:undefined":2,"s:66:4:66:Infinity":19,"s:66:20:66:Infinity":20,"s:68:25:68:62":21,"s:69:18:69:Infinity":22,"s:70:18:70:Infinity":23,"b:70:18:70:38:70:38:70:Infinity":3,"s:72:16:76:Infinity":24,"b:73:25:73:65:73:65:73:Infinity":4,"b:74:25:74:65:74:65:74:Infinity":5,"b:75:25:75:65:75:65:75:Infinity":6,"s:78:4:83:Infinity":25,"s:86:2:94:Infinity":26,"s:100:6:152:Infinity":27,"f:100:6:100:27":2,"s:101:8:101:27":28,"s:102:21:102:53":29,"s:103:8:103:49":30,"s:106:8:118:8":31,"f:106:17:106:31":3,"s:107:17:107:19":32,"s:108:4:113:Infinity":33,"s:108:17:108:21":34,"s:109:6:113:Infinity":35,"s:109:19:109:23":36,"s:110:8:113:Infinity":37,"s:110:21:110:25":38,"s:111:10:113:Infinity":39,"s:117:4:117:Infinity":40,"s:121:2:142:Infinity":41,"f:121:2:121:12":4,"b:122:4:122:Infinity:undefined:undefined:undefined:undefined":7,"s:122:4:122:Infinity":42,"b:122:8:122:29:122:29:122:41":8,"s:122:41:122:Infinity":43,"s:125:4:125:Infinity":44,"s:126:4:126:Infinity":45,"s:129:22:129:Infinity":46,"s:130:22:130:Infinity":47,"s:132:4:136:Infinity":48,"s:137:4:141:Infinity":49,"s:144:2:152:Infinity":50,"f:148:6:148:27":5,"s:148:27:148:46":51,"f:149:6:149:25":6,"s:149:25:149:45":52}}}
[...]
,"/Users/martinofunrein/Downloads/the-dictators/frontend/src/pages/step-by-step/GuidePanel.jsx": {"path":"/Users/martinofunrein/Downloads/the-dictators/frontend/src/pages/step-by-step/GuidePanel.jsx","statementMap":{"0":{"start":{"line":35,"column":2},"end":{"line":35,"column":null}},"1":{"start":{"line":53,"column":20},"end":{"line":53,"column":51}},"2":{"start":{"line":54,"column":8},"end":{"line":54,"column":29}},"3":{"start":{"line":56,"column":2},"end":{"line":66,"column":null}},"4":{"start":{"line":57,"column":4},"end":{"line":57,"column":null}},"5":{"start":{"line":60,"column":18},"end":{"line":64,"column":10}},"6":{"start":{"line":61,"column":6},"end":{"line":62,"column":null}},"7":{"start":{"line":62,"column":8},"end":{"line":62,"column":null}},"8":{"start":{"line":65,"column":4},"end":{"line":65,"column":null}},"9":{"start":{"line":65,"column":17},"end":{"line":65,"column":36}},"10":{"start":{"line":68,"column":17},"end":{"line":68,"column":null}},"11":{"start":{"line":69,"column":16},"end":{"line":69,"column":null}},"12":{"start":{"line":70,"column":19},"end":{"line":70,"column":null}},"13":{"start":{"line":71,"column":17},"end":{"line":73,"column":null}},"14":{"start":{"line":74,"column":25},"end":{"line":76,"column":null}},"15":{"start":{"line":77,"column":20},"end":{"line":77,"column":null}},"16":{"start":{"line":78,"column":22},"end":{"line":78,"column":null}},"17":{"start":{"line":80,"column":22},"end":{"line":80,"column":null}},"18":{"start":{"line":81,"column":22},"end":{"line":81,"column":null}},"19":{"start":{"line":83,"column":2},"end":{"line":255,"column":null}},"20":{"start":{"line":128,"column":28},"end":{"line":128,"column":46}},"21":{"start":{"line":141,"column":12},"end":{"line":148,"column":null}},"22":{"start":{"line":143,"column":16},"end":{"line":146,"column":null}},"23":{"start":{"line":185,"column":16},"end":{"line":199,"column":null}},"24":{"start":{"line":187,"column":33},"end":{"line":187,"column":81}},"25":{"start":{"line":211,"column":28},"end":{"line":211,"column":null}},"26":{"start":{"line":212,"column":34},"end":{"line":214,"column":null}},"27":{"start":{"line":215,"column":12},"end":{"line":221,"column":null}}},"fnMap":{"0":{"name":"parseAlgorithmMoves","decl":{"start":{"line":34,"column":9},"end":{"line":34,"column":29}},"loc":{"start":{"line":34,"column":39},"end":{"line":35,"column":null}},"line":34},"1":{"name":"GuidePanel","decl":{"start":{"line":38,"column":24},"end":{"line":38,"column":35}},"loc":{"start":{"line":52,"column":3},"end":{"line":255,"column":null}},"line":52},"2":{"name":"(anonymous_2)","decl":{"start":{"line":56,"column":2},"end":{"line":56,"column":18}},"loc":{"start":{"line":56,"column":18},"end":{"line":66,"column":6}},"line":56},"3":{"name":"(anonymous_3)","decl":{"start":{"line":60,"column":18},"end":{"line":60,"column":35}},"loc":{"start":{"line":60,"column":35},"end":{"line":64,"column":10}},"line":60},"4":{"name":"(anonymous_4)","decl":{"start":{"line":65,"column":4},"end":{"line":65,"column":17}},"loc":{"start":{"line":65,"column":17},"end":{"line":65,"column":36}},"line":65},"5":{"name":"(anonymous_5)","decl":{"start":{"line":128,"column":14},"end":{"line":128,"column":28}},"loc":{"start":{"line":128,"column":28},"end":{"line":128,"column":46}},"line":128},"6":{"name":"(anonymous_6)","decl":{"start":{"line":140,"column":42},"end":{"line":140,"column":47}},"loc":{"start":{"line":141,"column":12},"end":{"line":148,"column":null}},"line":141},"7":{"name":"(anonymous_7)","decl":{"start":{"line":142,"column":32},"end":{"line":142,"column":37}},"loc":{"start":{"line":143,"column":16},"end":{"line":146,"column":null}},"line":143},"8":{"name":"(anonymous_8)","decl":{"start":{"line":184,"column":38},"end":{"line":184,"column":43}},"loc":{"start":{"line":185,"column":16},"end":{"line":199,"column":null}},"line":185},"9":{"name":"(anonymous_9)","decl":{"start":{"line":187,"column":18},"end":{"line":187,"column":33}},"loc":{"start":{"line":187,"column":33},"end":{"line":187,"column":81}},"line":187},"10":{"name":"(anonymous_10)","decl":{"start":{"line":210,"column":51},"end":{"line":210,"column":56}},"loc":{"start":{"line":210,"column":65},"end":{"line":221,"column":null}},"line":210}},"branchMap":{"0":{"loc":{"start":{"line":61,"column":6},"end":{"line":62,"column":null}},"type":"if","locations":[{"start":{"line":61,"column":6},"end":{"line":62,"column":null}},{"start":{},"end":{}}],"line":61},"1":{"loc":{"start":{"line":61,"column":10},"end":{"line":61,"column":72}},"type":"binary-expr","locations":[{"start":{"line":61,"column":10},"end":{"line":61,"column":38}},{"start":{"line":61,"column":38},"end":{"line":61,"column":72}}],"line":61},"2":{"loc":{"start":{"line":68,"column":17},"end":{"line":68,"column":null}},"type":"cond-expr","locations":[{"start":{"line":68,"column":26},"end":{"line":68,"column":55}},{"start":{"line":68,"column":55},"end":{"line":68,"column":null}}],"line":68},"3":{"loc":{"start":{"line":69,"column":16},"end":{"line":69,"column":null}},"type":"cond-expr","locations":[{"start":{"line":69,"column":25},"end":{"line":69,"column":43}},{"start":{"line":69,"column":43},"end":{"line":69,"column":null}}],"line":69},"4":{"loc":{"start":{"line":70,"column":19},"end":{"line":70,"column":null}},"type":"cond-expr","locations":[{"start":{"line":70,"column":28},"end":{"line":70,"column":46}},{"start":{"line":70,"column":46},"end":{"line":70,"column":null}}],"line":70},"5":{"loc":{"start":{"line":71,"column":17},"end":{"line":73,"column":null}},"type":"cond-expr","locations":[{"start":{"line":72,"column":6},"end":{"line":72,"column":null}},{"start":{"line":73,"column":6},"end":{"line":73,"column":null}}],"line":71},"6":{"loc":{"start":{"line":74,"column":25},"end":{"line":76,"column":null}},"type":"cond-expr","locations":[{"start":{"line":75,"column":6},"end":{"line":75,"column":null}},{"start":{"line":76,"column":6},"end":{"line":76,"column":null}}],"line":74},"7":{"loc":{"start":{"line":78,"column":22},"end":{"line":78,"column":null}},"type":"cond-expr","locations":[{"start":{"line":78,"column":31},"end":{"line":78,"column":47}},{"start":{"line":78,"column":47},"end":{"line":78,"column":null}}],"line":78},"8":{"loc":{"start":{"line":81,"column":22},"end":{"line":81,"column":null}},"type":"binary-expr","locations":[{"start":{"line":81,"column":22},"end":{"line":81,"column":48}},{"start":{"line":81,"column":48},"end":{"line":81,"column":null}}],"line":81},"9":{"loc":{"start":{"line":86,"column":40},"end":{"line":86,"column":null}},"type":"cond-expr","locations":[{"start":{"line":86,"column":49},"end":{"line":86,"column":64}},{"start":{"line":86,"column":64},"end":{"line":86,"column":null}}],"line":86},"10":{"loc":{"start":{"line":101,"column":66},"end":{"line":101,"column":null}},"type":"cond-expr","locations":[{"start":{"line":101,"column":75},"end":{"line":101,"column":90}},{"start":{"line":101,"column":90},"end":{"line":101,"column":null}}],"line":101},"11":{"loc":{"start":{"line":111,"column":9},"end":{"line":135,"column":null}},"type":"cond-expr","locations":[{"start":{"line":112,"column":10},"end":{"line":133,"column":11}},{"start":{"line":133,"column":10},"end":{"line":135,"column":null}}],"line":111},"12":{"loc":{"start":{"line":112,"column":65},"end":{"line":112,"column":null}},"type":"cond-expr","locations":[{"start":{"line":112,"column":74},"end":{"line":112,"column":90}},{"start":{"line":112,"column":90},"end":{"line":112,"column":null}}],"line":112},"13":{"loc":{"start":{"line":115,"column":13},"end":{"line":123,"column":13}},"type":"binary-expr","locations":[{"start":{"line":115,"column":13},"end":{"line":115,"column":null}},{"start":{"line":116,"column":14},"end":{"line":123,"column":13}}],"line":115},"14":{"loc":{"start":{"line":118,"column":55},"end":{"line":118,"column":108}},"type":"cond-expr","locations":[{"start":{"line":118,"column":64},"end":{"line":118,"column":82}},{"start":{"line":118,"column":82},"end":{"line":118,"column":108}}],"line":118},"15":{"loc":{"start":{"line":129,"column":85},"end":{"line":129,"column":null}},"type":"cond-expr","locations":[{"start":{"line":129,"column":97},"end":{"line":129,"column":113}},{"start":{"line":129,"column":113},"end":{"line":129,"column":null}}],"line":129},"16":{"loc":{"start":{"line":133,"column":77},"end":{"line":133,"column":null}},"type":"cond-expr","locations":[{"start":{"line":133,"column":86},"end":{"line":133,"column":102}},{"start":{"line":133,"column":102},"end":{"line":133,"column":null}}],"line":133},"17":{"loc":{"start":{"line":144,"column":19},"end":{"line":145,"column":null}},"type":"binary-expr","locations":[{"start":{"line":144,"column":19},"end":{"line":144,"column":28}},{"start":{"line":144,"column":28},"end":{"line":145,"column":null}}],"line":144},"18":{"loc":{"start":{"line":153,"column":9},"end":{"line":172,"column":null}},"type":"binary-expr","locations":[{"start":{"line":153,"column":9},"end":{"line":153,"column":null}},{"start":{"line":154,"column":10},"end":{"line":172,"column":null}}],"line":153},"19":{"loc":{"start":{"line":157,"column":24},"end":{"line":157,"column":null}},"type":"binary-expr","locations":[{"start":{"line":157,"column":24},"end":{"line":157,"column":39}},{"start":{"line":157,"column":39},"end":{"line":157,"column":null}}],"line":157},"20":{"loc":{"start":{"line":159,"column":16},"end":{"line":163,"column":null}},"type":"cond-expr","locations":[{"start":{"line":160,"column":20},"end":{"line":160,"column":null}},{"start":{"line":161,"column":20},"end":{"line":163,"column":null}}],"line":159},"21":{"loc":{"start":{"line":161,"column":20},"end":{"line":163,"column":null}},"type":"cond-expr","locations":[{"start":{"line":162,"column":22},"end":{"line":162,"column":null}},{"start":{"line":163,"column":22},"end":{"line":163,"column":null}}],"line":161},"22":{"loc":{"start":{"line":167,"column":15},"end":{"line":167,"column":null}},"type":"cond-expr","locations":[{"start":{"line":167,"column":29},"end":{"line":167,"column":64}},{"start":{"line":167,"column":64},"end":{"line":167,"column":null}}],"line":167},"23":{"loc":{"start":{"line":169,"column":13},"end":{"line":172,"column":null}},"type":"binary-expr","locations":[{"start":{"line":169,"column":13},"end":{"line":169,"column":29}},{"start":{"line":169,"column":29},"end":{"line":169,"column":null}},{"start":{"line":170,"column":14},"end":{"line":172,"column":null}}],"line":169},"24":{"loc":{"start":{"line":170,"column":61},"end":{"line":170,"column":114}},"type":"cond-expr","locations":[{"start":{"line":170,"column":70},"end":{"line":170,"column":88}},{"start":{"line":170,"column":88},"end":{"line":170,"column":114}}],"line":170},"25":{"loc":{"start":{"line":178,"column":9},"end":{"line":201,"column":null}},"type":"binary-expr","locations":[{"start":{"line":178,"column":9},"end":{"line":178,"column":null}},{"start":{"line":179,"column":10},"end":{"line":201,"column":null}}],"line":178},"26":{"loc":{"start":{"line":190,"column":20},"end":{"line":192,"column":null}},"type":"cond-expr","locations":[{"start":{"line":191,"column":24},"end":{"line":191,"column":null}},{"start":{"line":192,"column":24},"end":{"line":192,"column":null}}],"line":190},"27":{"loc":{"start":{"line":196,"column":63},"end":{"line":196,"column":null}},"type":"cond-expr","locations":[{"start":{"line":196,"column":77},"end":{"line":196,"column":95}},{"start":{"line":196,"column":95},"end":{"line":196,"column":null}}],"line":196},"28":{"loc":{"start":{"line":207,"column":87},"end":{"line":207,"column":null}},"type":"cond-expr","locations":[{"start":{"line":207,"column":96},"end":{"line":207,"column":115}},{"start":{"line":207,"column":115},"end":{"line":207,"column":null}}],"line":207},"29":{"loc":{"start":{"line":212,"column":34},"end":{"line":214,"column":null}},"type":"binary-expr","locations":[{"start":{"line":212,"column":34},"end":{"line":212,"column":null}},{"start":{"line":213,"column":18},"end":{"line":213,"column":29}},{"start":{"line":213,"column":29},"end":{"line":213,"column":null}},{"start":{"line":214,"column":18},"end":{"line":214,"column":43}},{"start":{"line":214,"column":43},"end":{"line":214,"column":null}}],"line":212},"30":{"loc":{"start":{"line":219,"column":18},"end":{"line":219,"column":null}},"type":"cond-expr","locations":[{"start":{"line":219,"column":34},"end":{"line":219,"column":61}},{"start":{"line":219,"column":61},"end":{"line":219,"column":null}}],"line":219},"31":{"loc":{"start":{"line":232,"column":14},"end":{"line":232,"column":null}},"type":"cond-expr","locations":[{"start":{"line":232,"column":24},"end":{"line":232,"column":33}},{"start":{"line":232,"column":33},"end":{"line":232,"column":null}}],"line":232},"32":{"loc":{"start":{"line":238,"column":11},"end":{"line":255,"column":null}},"type":"cond-expr","locations":[{"start":{"line":239,"column":12},"end":{"line":246,"column":13}},{"start":{"line":246,"column":12},"end":{"line":255,"column":null}}],"line":238},"33":{"loc":{"start":{"line":248,"column":24},"end":{"line":248,"column":null}},"type":"binary-expr","locations":[{"start":{"line":248,"column":24},"end":{"line":248,"column":36}},{"start":{"line":248,"column":36},"end":{"line":248,"column":null}}],"line":248},"34":{"loc":{"start":{"line":249,"column":21},"end":{"line":249,"column":null}},"type":"cond-expr","locations":[{"start":{"line":249,"column":35},"end":{"line":249,"column":63}},{"start":{"line":249,"column":63},"end":{"line":249,"column":null}}],"line":249},"35":{"loc":{"start":{"line":251,"column":16},"end":{"line":251,"column":null}},"type":"cond-expr","locations":[{"start":{"line":251,"column":42},"end":{"line":251,"column":51}},{"start":{"line":251,"column":51},"end":{"line":251,"column":null}}],"line":251},"36":{"loc":{"start":{"line":251,"column":16},"end":{"line":251,"column":42}},"type":"binary-expr","locations":[{"start":{"line":251,"column":16},"end":{"line":251,"column":27}},{"start":{"line":251,"column":27},"end":{"line":251,"column":42}}],"line":251},"37":{"loc":{"start":{"line":254,"column":15},"end":{"line":254,"column":null}},"type":"cond-expr","locations":[{"start":{"line":254,"column":29},"end":{"line":254,"column":48}},{"start":{"line":254,"column":48},"end":{"line":254,"column":null}}],"line":254}},"s":{"0":0,"1":0,"2":0,"3":0,"4":0,"5":0,"6":0,"7":0,"8":0,"9":0,"10":0,"11":0,"12":0,"13":0,"14":0,"15":0,"16":0,"17":0,"18":0,"19":0,"20":0,"21":0,"22":0,"23":0,"24":0,"25":0,"26":0,"27":0},"f":{"0":0,"1":0,"2":0,"3":0,"4":0,"5":0,"6":0,"7":0,"8":0,"9":0,"10":0},"b":{"0":[0,0],"1":[0,0],"2":[0,0],"3":[0,0],"4":[0,0],"5":[0,0],"6":[0,0],"7":[0,0],"8":[0,0],"9":[0,0],"10":[0,0],"11":[0,0],"12":[0,0],"13":[0,0],"14":[0,0],"15":[0,0],"16":[0,0],"17":[0,0],"18":[0,0],"19":[0,0],"20":[0,0],"21":[0,0],"22":[0,0],"23":[0,0,0],"24":[0,0],"25":[0,0],"26":[0,0],"27":[0,0],"28":[0,0],"29":[0,0,0,0,0],"30":[0,0],"31":[0,0],"32":[0,0],"33":[0,0],"34":[0,0],"35":[0,0],"36":[0,0],"37":[0,0]},"meta":{"lastBranch":38,"lastFunction":11,"lastStatement":28,"seen":{"f:34:9:34:29":0,"s:35:2:35:Infinity":0,"f:38:24:38:35":1,"s:53:20:53:51":1,"s:54:8:54:29":2,"s:56:2:66:Infinity":3,"f:56:2:56:18":2,"s:57:4:57:Infinity":4,"s:60:18:64:10":5,"f:60:18:60:35":3,"b:61:6:62:Infinity:undefined:undefined:undefined:undefined":0,"s:61:6:62:Infinity":6,"b:61:10:61:38:61:38:61:72":1,"s:62:8:62:Infinity":7,"s:65:4:65:Infinity":8,"f:65:4:65:17":4,"s:65:17:65:36":9,"s:68:17:68:Infinity":10,"b:68:26:68:55:68:55:68:Infinity":2,"s:69:16:69:Infinity":11,"b:69:25:69:43:69:43:69:Infinity":3,"s:70:19:70:Infinity":12,"b:70:28:70:46:70:46:70:Infinity":4,"s:71:17:73:Infinity":13,"b:72:6:72:Infinity:73:6:73:Infinity":5,"s:74:25:76:Infinity":14,"b:75:6:75:Infinity:76:6:76:Infinity":6,"s:77:20:77:Infinity":15,"s:78:22:78:Infinity":16,"b:78:31:78:47:78:47:78:Infinity":7,"s:80:22:80:Infinity":17,"s:81:22:81:Infinity":18,"b:81:22:81:48:81:48:81:Infinity":8,"s:83:2:255:Infinity":19,"b:86:49:86:64:86:64:86:Infinity":9,"b:101:75:101:90:101:90:101:Infinity":10,"b:112:10:133:11:133:10:135:Infinity":11,"b:112:74:112:90:112:90:112:Infinity":12,"b:115:13:115:Infinity:116:14:123:13":13,"b:118:64:118:82:118:82:118:108":14,"f:128:14:128:28":5,"s:128:28:128:46":20,"b:129:97:129:113:129:113:129:Infinity":15,"b:133:86:133:102:133:102:133:Infinity":16,"f:140:42:140:47":6,"s:141:12:148:Infinity":21,"f:142:32:142:37":7,"s:143:16:146:Infinity":22,"b:144:19:144:28:144:28:145:Infinity":17,"b:153:9:153:Infinity:154:10:172:Infinity":18,"b:157:24:157:39:157:39:157:Infinity":19,"b:160:20:160:Infinity:161:20:163:Infinity":20,"b:162:22:162:Infinity:163:22:163:Infinity":21,"b:167:29:167:64:167:64:167:Infinity":22,"b:169:13:169:29:169:29:169:Infinity:170:14:172:Infinity":23,"b:170:70:170:88:170:88:170:114":24,"b:178:9:178:Infinity:179:10:201:Infinity":25,"f:184:38:184:43":8,"s:185:16:199:Infinity":23,"f:187:18:187:33":9,"s:187:33:187:81":24,"b:191:24:191:Infinity:192:24:192:Infinity":26,"b:196:77:196:95:196:95:196:Infinity":27,"b:207:96:207:115:207:115:207:Infinity":28,"f:210:51:210:56":10,"s:211:28:211:Infinity":25,"s:212:34:214:Infinity":26,"b:212:34:212:Infinity:213:18:213:29:213:29:213:Infinity:214:18:214:43:214:43:214:Infinity":29,"s:215:12:221:Infinity":27,"b:219:34:219:61:219:61:219:Infinity":30,"b:232:24:232:33:232:33:232:Infinity":31,"b:239:12:246:13:246:12:255:Infinity":32,"b:248:24:248:36:248:36:248:Infinity":33,"b:249:35:249:63:249:63:249:Infinity":34,"b:251:42:251:51:251:51:251:Infinity":35,"b:251:16:251:27:251:27:251:42":36,"b:254:29:254:48:254:48:254:Infinity":37}}}
,"/Users/martinofunrein/Downloads/the-dictators/frontend/src/pages/step-by-step/stepsData.js": {"path":"/Users/martinofunrein/Downloads/the-dictators/frontend/src/pages/step-by-step/stepsData.js","statementMap":{"0":{"start":{"line":35,"column":19},"end":{"line":35,"column":null}},"1":{"start":{"line":37,"column":21},"end":{"line":278,"column":null}},"2":{"start":{"line":280,"column":27},"end":{"line":280,"column":null}}},"fnMap":{},"branchMap":{},"s":{"0":0,"1":0,"2":0},"f":{},"b":{},"meta":{"lastBranch":0,"lastFunction":0,"lastStatement":3,"seen":{"s:35:19:35:Infinity":0,"s:37:21:278:Infinity":1,"s:280:27:280:Infinity":2}}}
,"/Users/martinofunrein/Downloads/the-dictators/frontend/src/utils/isPlainObject.js": {"path":"/Users/martinofunrein/Downloads/the-dictators/frontend/src/utils/isPlainObject.js","statementMap":{"0":{"start":{"line":9,"column":2},"end":{"line":9,"column":null}}},"fnMap":{"0":{"name":"isPlainObject","decl":{"start":{"line":8,"column":16},"end":{"line":8,"column":30}},"loc":{"start":{"line":8,"column":37},"end":{"line":9,"column":null}},"line":8}},"branchMap":{"0":{"loc":{"start":{"line":9,"column":9},"end":{"line":9,"column":77}},"type":"binary-expr","locations":[{"start":{"line":9,"column":9},"end":{"line":9,"column":23}},{"start":{"line":9,"column":27},"end":{"line":9,"column":56}},{"start":{"line":9,"column":56},"end":{"line":9,"column":77}}],"line":9}},"s":{"0":6},"f":{"0":6},"b":{"0":[6,6,6]},"meta":{"lastBranch":1,"lastFunction":1,"lastStatement":1,"seen":{"f:8:16:8:30":0,"s:9:2:9:Infinity":0,"b:9:9:9:23:9:27:9:56:9:56:9:77":0}}}
}
